TpTrace Verbose: 0 : 17060, 2, 2025/12/24, 17:58:39.114, 11355030572400, vstest.console.dll, Version: 18.0.1-release-25569-105 Current process architecture: X64
TpTrace Verbose: 0 : 17060, 2, 2025/12/24, 17:58:39.117, 11355030595154, vstest.console.dll, Runtime location: C:\Program Files\dotnet\shared\Microsoft.NETCore.App\10.0.1
TpTrace Information: 0 : 17060, 2, 2025/12/24, 17:58:39.120, 11355030624905, vstest.console.dll, Using .Net Framework version:.NETCoreApp,Version=v8.0
TpTrace Verbose: 0 : 17060, 2, 2025/12/24, 17:58:39.120, 11355030626924, vstest.console.dll, ArtifactProcessingPostProcessModeProcessorExecutor.Initialize: ArtifactProcessingMode.Collect
TpTrace Verbose: 0 : 17060, 2, 2025/12/24, 17:58:39.121, 11355030640108, vstest.console.dll, TestSessionCorrelationIdProcessorModeProcessorExecutor.Initialize: TestSessionCorrelationId '22364_54317a7f-4260-4cbd-8434-358b52a03120'
TpTrace Information: 0 : 17060, 2, 2025/12/24, 17:58:39.140, 11355030824016, vstest.console.dll, FilePatternParser: The given file C:\Users\Osama Al-Momani\OneDrive\Desktop\Galaxy-PP\Galaxy-Waves\src\ProductService.Tests\bin\Debug\net8.0\ProductService.Tests.dll is a full path.
TpTrace Verbose: 0 : 17060, 2, 2025/12/24, 17:58:39.148, 11355030913127, vstest.console.dll, TestPluginCache.DiscoverTestExtensions: finding test extensions in assemblies ends with: RuntimeProvider.dll TPluginInfo: Microsoft.VisualStudio.TestPlatform.Common.ExtensionFramework.Utilities.TestRuntimePluginInformation TExtension: Microsoft.VisualStudio.TestPlatform.ObjectModel.Host.ITestRuntimeProvider
TpTrace Verbose: 0 : 17060, 2, 2025/12/24, 17:58:39.149, 11355030918128, vstest.console.dll, TestPluginCache.GetExtensionPaths: Filtered extension paths: 
TpTrace Verbose: 0 : 17060, 2, 2025/12/24, 17:58:39.149, 11355030919210, vstest.console.dll, TestPluginCache.GetExtensionPaths: Added default extension paths: C:\Program Files\dotnet\sdk\10.0.101\Extensions\Microsoft.Diagnostics.NETCore.Client.dll
C:\Program Files\dotnet\sdk\10.0.101\Extensions\Microsoft.TestPlatform.Extensions.BlameDataCollector.dll
C:\Program Files\dotnet\sdk\10.0.101\Extensions\Microsoft.TestPlatform.Extensions.EventLogCollector.dll
C:\Program Files\dotnet\sdk\10.0.101\Extensions\Microsoft.TestPlatform.TestHostRuntimeProvider.dll
C:\Program Files\dotnet\sdk\10.0.101\Extensions\Microsoft.VisualStudio.TestPlatform.Extensions.Html.TestLogger.dll
C:\Program Files\dotnet\sdk\10.0.101\Extensions\Microsoft.VisualStudio.TestPlatform.Extensions.Trx.TestLogger.dll
TpTrace Verbose: 0 : 17060, 2, 2025/12/24, 17:58:39.149, 11355030919601, vstest.console.dll, TestPluginCache.GetExtensionPaths: Added unfilterableExtensionPaths: 
TpTrace Information: 0 : 17060, 2, 2025/12/24, 17:58:39.150, 11355030926784, vstest.console.dll, AssemblyResolver.ctor: Creating AssemblyResolver with searchDirectories C:\Program Files\dotnet\sdk\10.0.101\Extensions,C:\Program Files\dotnet\sdk\10.0.101
TpTrace Verbose: 0 : 17060, 2, 2025/12/24, 17:58:39.152, 11355030944941, vstest.console.dll, TestPluginCache.DiscoverTestExtensions: Discovering the extensions using extension path.
TpTrace Verbose: 0 : 17060, 2, 2025/12/24, 17:58:39.152, 11355030946961, vstest.console.dll, TestPluginCache.GetExtensionPaths: Filtered extension paths: 
TpTrace Verbose: 0 : 17060, 2, 2025/12/24, 17:58:39.152, 11355030947409, vstest.console.dll, TestPluginCache.GetExtensionPaths: Added default extension paths: C:\Program Files\dotnet\sdk\10.0.101\Extensions\Microsoft.Diagnostics.NETCore.Client.dll
C:\Program Files\dotnet\sdk\10.0.101\Extensions\Microsoft.TestPlatform.Extensions.BlameDataCollector.dll
C:\Program Files\dotnet\sdk\10.0.101\Extensions\Microsoft.TestPlatform.Extensions.EventLogCollector.dll
C:\Program Files\dotnet\sdk\10.0.101\Extensions\Microsoft.TestPlatform.TestHostRuntimeProvider.dll
C:\Program Files\dotnet\sdk\10.0.101\Extensions\Microsoft.VisualStudio.TestPlatform.Extensions.Html.TestLogger.dll
C:\Program Files\dotnet\sdk\10.0.101\Extensions\Microsoft.VisualStudio.TestPlatform.Extensions.Trx.TestLogger.dll
TpTrace Verbose: 0 : 17060, 2, 2025/12/24, 17:58:39.152, 11355030947788, vstest.console.dll, TestPluginCache.GetExtensionPaths: Added unfilterableExtensionPaths: 
TpTrace Verbose: 0 : 17060, 2, 2025/12/24, 17:58:39.152, 11355030951148, vstest.console.dll, TestPluginCache.DiscoverTestExtensions: Discovering the extensions using allExtensionPaths: C:\Program Files\dotnet\sdk\10.0.101\Extensions\Microsoft.Diagnostics.NETCore.Client.dll
C:\Program Files\dotnet\sdk\10.0.101\Extensions\Microsoft.TestPlatform.Extensions.BlameDataCollector.dll
C:\Program Files\dotnet\sdk\10.0.101\Extensions\Microsoft.TestPlatform.Extensions.EventLogCollector.dll
C:\Program Files\dotnet\sdk\10.0.101\Extensions\Microsoft.TestPlatform.TestHostRuntimeProvider.dll
C:\Program Files\dotnet\sdk\10.0.101\Extensions\Microsoft.VisualStudio.TestPlatform.Extensions.Html.TestLogger.dll
C:\Program Files\dotnet\sdk\10.0.101\Extensions\Microsoft.VisualStudio.TestPlatform.Extensions.Trx.TestLogger.dll
TpTrace Information: 0 : 17060, 2, 2025/12/24, 17:58:39.153, 11355030953858, vstest.console.dll, AssemblyResolver.AddSearchDirectories: Adding more searchDirectories C:\Program Files\dotnet\sdk\10.0.101\Extensions,C:\Program Files\dotnet\sdk\10.0.101
TpTrace Information: 0 : 17060, 2, 2025/12/24, 17:58:39.153, 11355030956084, vstest.console.dll, AssemblyResolver.AddSearchDirectories: Adding more searchDirectories C:\Program Files\dotnet\sdk\10.0.101\Extensions,C:\Program Files\dotnet\sdk\10.0.101
TpTrace Information: 0 : 17060, 2, 2025/12/24, 17:58:39.153, 11355030956601, vstest.console.dll, AssemblyResolver.AddSearchDirectories: Adding more searchDirectories C:\Program Files\dotnet\sdk\10.0.101\Extensions,C:\Program Files\dotnet\sdk\10.0.101
TpTrace Information: 0 : 17060, 2, 2025/12/24, 17:58:39.153, 11355030957754, vstest.console.dll, AssemblyResolver.AddSearchDirectories: Adding more searchDirectories C:\Program Files\dotnet\sdk\10.0.101\Extensions,C:\Program Files\dotnet\sdk\10.0.101
TpTrace Information: 0 : 17060, 2, 2025/12/24, 17:58:39.153, 11355030958952, vstest.console.dll, AssemblyResolver.AddSearchDirectories: Adding more searchDirectories C:\Program Files\dotnet\sdk\10.0.101\Extensions,C:\Program Files\dotnet\sdk\10.0.101
TpTrace Information: 0 : 17060, 2, 2025/12/24, 17:58:39.153, 11355030960494, vstest.console.dll, AssemblyResolver.AddSearchDirectories: Adding more searchDirectories C:\Program Files\dotnet\sdk\10.0.101\Extensions,C:\Program Files\dotnet\sdk\10.0.101
TpTrace Information: 0 : 17060, 2, 2025/12/24, 17:58:39.154, 11355030967708, vstest.console.dll, AssemblyResolver.OnResolve: Microsoft.Diagnostics.NETCore.Client: Resolving assembly.
TpTrace Information: 0 : 17060, 2, 2025/12/24, 17:58:39.154, 11355030970625, vstest.console.dll, AssemblyResolver.OnResolve: Microsoft.Diagnostics.NETCore.Client: Searching in: 'C:\Program Files\dotnet\sdk\10.0.101\Extensions'.
TpTrace Information: 0 : 17060, 2, 2025/12/24, 17:58:39.165, 11355031079103, vstest.console.dll, AssemblyResolver.OnResolve: Microsoft.Diagnostics.NETCore.Client: Loading assembly 'C:\Program Files\dotnet\sdk\10.0.101\Extensions\Microsoft.Diagnostics.NETCore.Client.dll'.
TpTrace Information: 0 : 17060, 2, 2025/12/24, 17:58:39.166, 11355031087169, vstest.console.dll, AssemblyResolver.OnResolve: Resolved assembly: Microsoft.Diagnostics.NETCore.Client, from path: C:\Program Files\dotnet\sdk\10.0.101\Extensions\Microsoft.Diagnostics.NETCore.Client.dll
TpTrace Verbose: 0 : 17060, 2, 2025/12/24, 17:58:39.167, 11355031095000, vstest.console.dll, MetadataReaderExtensionsHelper: Discovering extensions inside assembly 'Microsoft.Diagnostics.NETCore.Client, Version=0.2.13.7005, Culture=neutral, PublicKeyToken=31bf3856ad364e35' file path 'C:\Program Files\dotnet\sdk\10.0.101\Extensions\Microsoft.Diagnostics.NETCore.Client.dll'
TpTrace Information: 0 : 17060, 2, 2025/12/24, 17:58:39.169, 11355031115936, vstest.console.dll, AssemblyResolver.OnResolve: Microsoft.Bcl.AsyncInterfaces: Resolving assembly.
TpTrace Information: 0 : 17060, 2, 2025/12/24, 17:58:39.169, 11355031116549, vstest.console.dll, AssemblyResolver.OnResolve: Microsoft.Bcl.AsyncInterfaces: Searching in: 'C:\Program Files\dotnet\sdk\10.0.101\Extensions'.
TpTrace Information: 0 : 17060, 2, 2025/12/24, 17:58:39.169, 11355031118098, vstest.console.dll, AssemblyResolver.OnResolve: Microsoft.Bcl.AsyncInterfaces: Assembly path does not exist: 'C:\Program Files\dotnet\sdk\10.0.101\Extensions\Microsoft.Bcl.AsyncInterfaces.dll', returning.
TpTrace Information: 0 : 17060, 2, 2025/12/24, 17:58:39.169, 11355031118774, vstest.console.dll, AssemblyResolver.OnResolve: Microsoft.Bcl.AsyncInterfaces: Assembly path does not exist: 'C:\Program Files\dotnet\sdk\10.0.101\Extensions\Microsoft.Bcl.AsyncInterfaces.exe', returning.
TpTrace Information: 0 : 17060, 2, 2025/12/24, 17:58:39.169, 11355031119020, vstest.console.dll, AssemblyResolver.OnResolve: Microsoft.Bcl.AsyncInterfaces: Searching in: 'C:\Program Files\dotnet\sdk\10.0.101'.
TpTrace Information: 0 : 17060, 2, 2025/12/24, 17:58:39.169, 11355031119486, vstest.console.dll, AssemblyResolver.OnResolve: Microsoft.Bcl.AsyncInterfaces: Assembly path does not exist: 'C:\Program Files\dotnet\sdk\10.0.101\Microsoft.Bcl.AsyncInterfaces.dll', returning.
TpTrace Information: 0 : 17060, 2, 2025/12/24, 17:58:39.169, 11355031119752, vstest.console.dll, AssemblyResolver.OnResolve: Microsoft.Bcl.AsyncInterfaces: Assembly path does not exist: 'C:\Program Files\dotnet\sdk\10.0.101\Microsoft.Bcl.AsyncInterfaces.exe', returning.
TpTrace Information: 0 : 17060, 2, 2025/12/24, 17:58:39.169, 11355031119892, vstest.console.dll, AssemblyResolver.OnResolve: Microsoft.Bcl.AsyncInterfaces: Failed to load assembly.
TpTrace Verbose: 0 : 17060, 2, 2025/12/24, 17:58:39.169, 11355031120131, vstest.console.dll, CurrentDomainAssemblyResolve: Resolving assembly 'Microsoft.Bcl.AsyncInterfaces'.
TpTrace Information: 0 : 17060, 2, 2025/12/24, 17:58:39.169, 11355031120607, vstest.console.dll, AssemblyResolver.OnResolve: Microsoft.Bcl.AsyncInterfaces: Resolving assembly.
TpTrace Information: 0 : 17060, 2, 2025/12/24, 17:58:39.169, 11355031120820, vstest.console.dll, AssemblyResolver.OnResolve: Microsoft.Bcl.AsyncInterfaces: Resolved from cache.
TpTrace Verbose: 0 : 17060, 2, 2025/12/24, 17:58:39.169, 11355031120969, vstest.console.dll, CurrentDomainAssemblyResolve: Resolving assembly 'Microsoft.Bcl.AsyncInterfaces'.
TpTrace Verbose: 0 : 17060, 2, 2025/12/24, 17:58:39.169, 11355031121153, vstest.console.dll, CurrentDomainAssemblyResolve: Failed to resolve assembly 'Microsoft.Bcl.AsyncInterfaces'.
TpTrace Verbose: 0 : 17060, 2, 2025/12/24, 17:58:39.170, 11355031126378, vstest.console.dll, CurrentDomainAssemblyResolve: Failed to resolve assembly 'Microsoft.Bcl.AsyncInterfaces'.
TpTrace Information: 0 : 17060, 2, 2025/12/24, 17:58:39.174, 11355031169661, vstest.console.dll, AssemblyResolver.OnResolve: Microsoft.Bcl.AsyncInterfaces: Resolving assembly.
TpTrace Information: 0 : 17060, 2, 2025/12/24, 17:58:39.174, 11355031170529, vstest.console.dll, AssemblyResolver.OnResolve: Microsoft.Bcl.AsyncInterfaces: Resolved from cache.
TpTrace Verbose: 0 : 17060, 2, 2025/12/24, 17:58:39.174, 11355031170758, vstest.console.dll, CurrentDomainAssemblyResolve: Resolving assembly 'Microsoft.Bcl.AsyncInterfaces'.
TpTrace Verbose: 0 : 17060, 2, 2025/12/24, 17:58:39.174, 11355031171039, vstest.console.dll, CurrentDomainAssemblyResolve: Failed to resolve assembly 'Microsoft.Bcl.AsyncInterfaces'.
TpTrace Information: 0 : 17060, 2, 2025/12/24, 17:58:39.176, 11355031189745, vstest.console.dll, AssemblyResolver.OnResolve: Microsoft.Bcl.AsyncInterfaces: Resolving assembly.
TpTrace Information: 0 : 17060, 2, 2025/12/24, 17:58:39.176, 11355031190529, vstest.console.dll, AssemblyResolver.OnResolve: Microsoft.Bcl.AsyncInterfaces: Resolved from cache.
TpTrace Verbose: 0 : 17060, 2, 2025/12/24, 17:58:39.176, 11355031190784, vstest.console.dll, CurrentDomainAssemblyResolve: Resolving assembly 'Microsoft.Bcl.AsyncInterfaces'.
TpTrace Verbose: 0 : 17060, 2, 2025/12/24, 17:58:39.176, 11355031190985, vstest.console.dll, CurrentDomainAssemblyResolve: Failed to resolve assembly 'Microsoft.Bcl.AsyncInterfaces'.
TpTrace Warning: 0 : 17060, 2, 2025/12/24, 17:58:39.186, 11355031290376, vstest.console.dll, TestPluginDiscoverer: Failed to get types from assembly 'Microsoft.Diagnostics.NETCore.Client, Version=0.2.13.7005, Culture=neutral, PublicKeyToken=31bf3856ad364e35'. Error: System.Reflection.ReflectionTypeLoadException: Unable to load one or more of the requested types.
Could not load file or assembly 'Microsoft.Bcl.AsyncInterfaces, Version=9.0.0.8, Culture=neutral, PublicKeyToken=cc7b13ffcd2ddd51'. The system cannot find the file specified.
Could not load file or assembly 'Microsoft.Bcl.AsyncInterfaces, Version=9.0.0.8, Culture=neutral, PublicKeyToken=cc7b13ffcd2ddd51'. The system cannot find the file specified.
Could not load file or assembly 'Microsoft.Bcl.AsyncInterfaces, Version=9.0.0.8, Culture=neutral, PublicKeyToken=cc7b13ffcd2ddd51'. The system cannot find the file specified.
   at System.Reflection.RuntimeModule.GetDefinedTypes()
   at System.Reflection.RuntimeModule.GetTypes()
   at Microsoft.VisualStudio.TestPlatform.Common.ExtensionFramework.TestPluginDiscoverer.GetTestExtensionsFromAssembly[TPluginInfo,TExtension](Assembly assembly, Dictionary`2 pluginInfos, String filePath) in /_/src/vstest/src/Microsoft.TestPlatform.Common/ExtensionFramework/TestPluginDiscoverer.cs:line 159
System.IO.FileNotFoundException: Could not load file or assembly 'Microsoft.Bcl.AsyncInterfaces, Version=9.0.0.8, Culture=neutral, PublicKeyToken=cc7b13ffcd2ddd51'. The system cannot find the file specified.
File name: 'Microsoft.Bcl.AsyncInterfaces, Version=9.0.0.8, Culture=neutral, PublicKeyToken=cc7b13ffcd2ddd51'
 ---> System.IO.FileNotFoundException: Could not load file or assembly 'Microsoft.Bcl.AsyncInterfaces, Culture=neutral, PublicKeyToken=null'. The system cannot find the file specified.
File name: 'Microsoft.Bcl.AsyncInterfaces, Culture=neutral, PublicKeyToken=null'
   at System.Reflection.RuntimeAssembly.InternalLoad(AssemblyName assemblyName, StackCrawlMark& stackMark, AssemblyLoadContext assemblyLoadContext, RuntimeAssembly requestingAssembly, Boolean throwOnFileNotFound)
   at System.Reflection.Assembly.Load(AssemblyName assemblyRef)
   at Microsoft.VisualStudio.TestPlatform.Common.ExtensionFramework.TestPluginCache.CurrentDomainAssemblyResolve(Object sender, AssemblyResolveEventArgs args) in /_/src/vstest/src/Microsoft.TestPlatform.Common/ExtensionFramework/TestPluginCache.cs:line 514
   at System.Runtime.Loader.AssemblyLoadContext.GetFirstResolvedAssemblyFromResolvingEvent(AssemblyName assemblyName)
   at System.Runtime.Loader.AssemblyLoadContext.ResolveUsingEvent(AssemblyName assemblyName)
System.IO.FileNotFoundException: Could not load file or assembly 'Microsoft.Bcl.AsyncInterfaces, Version=9.0.0.8, Culture=neutral, PublicKeyToken=cc7b13ffcd2ddd51'. The system cannot find the file specified.
File name: 'Microsoft.Bcl.AsyncInterfaces, Version=9.0.0.8, Culture=neutral, PublicKeyToken=cc7b13ffcd2ddd51'
System.IO.FileNotFoundException: Could not load file or assembly 'Microsoft.Bcl.AsyncInterfaces, Version=9.0.0.8, Culture=neutral, PublicKeyToken=cc7b13ffcd2ddd51'. The system cannot find the file specified.
File name: 'Microsoft.Bcl.AsyncInterfaces, Version=9.0.0.8, Culture=neutral, PublicKeyToken=cc7b13ffcd2ddd51'
TpTrace Warning: 0 : 17060, 2, 2025/12/24, 17:58:39.187, 11355031294552, vstest.console.dll, LoaderExceptions: System.IO.FileNotFoundException: Could not load file or assembly 'Microsoft.Bcl.AsyncInterfaces, Version=9.0.0.8, Culture=neutral, PublicKeyToken=cc7b13ffcd2ddd51'. The system cannot find the file specified.
File name: 'Microsoft.Bcl.AsyncInterfaces, Version=9.0.0.8, Culture=neutral, PublicKeyToken=cc7b13ffcd2ddd51'
 ---> System.IO.FileNotFoundException: Could not load file or assembly 'Microsoft.Bcl.AsyncInterfaces, Culture=neutral, PublicKeyToken=null'. The system cannot find the file specified.
File name: 'Microsoft.Bcl.AsyncInterfaces, Culture=neutral, PublicKeyToken=null'
   at System.Reflection.RuntimeAssembly.InternalLoad(AssemblyName assemblyName, StackCrawlMark& stackMark, AssemblyLoadContext assemblyLoadContext, RuntimeAssembly requestingAssembly, Boolean throwOnFileNotFound)
   at System.Reflection.Assembly.Load(AssemblyName assemblyRef)
   at Microsoft.VisualStudio.TestPlatform.Common.ExtensionFramework.TestPluginCache.CurrentDomainAssemblyResolve(Object sender, AssemblyResolveEventArgs args) in /_/src/vstest/src/Microsoft.TestPlatform.Common/ExtensionFramework/TestPluginCache.cs:line 514
   at System.Runtime.Loader.AssemblyLoadContext.GetFirstResolvedAssemblyFromResolvingEvent(AssemblyName assemblyName)
   at System.Runtime.Loader.AssemblyLoadContext.ResolveUsingEvent(AssemblyName assemblyName)
TpTrace Warning: 0 : 17060, 2, 2025/12/24, 17:58:39.187, 11355031298711, vstest.console.dll, LoaderExceptions: System.IO.FileNotFoundException: Could not load file or assembly 'Microsoft.Bcl.AsyncInterfaces, Version=9.0.0.8, Culture=neutral, PublicKeyToken=cc7b13ffcd2ddd51'. The system cannot find the file specified.
File name: 'Microsoft.Bcl.AsyncInterfaces, Version=9.0.0.8, Culture=neutral, PublicKeyToken=cc7b13ffcd2ddd51'
TpTrace Warning: 0 : 17060, 2, 2025/12/24, 17:58:39.187, 11355031299569, vstest.console.dll, LoaderExceptions: System.IO.FileNotFoundException: Could not load file or assembly 'Microsoft.Bcl.AsyncInterfaces, Version=9.0.0.8, Culture=neutral, PublicKeyToken=cc7b13ffcd2ddd51'. The system cannot find the file specified.
File name: 'Microsoft.Bcl.AsyncInterfaces, Version=9.0.0.8, Culture=neutral, PublicKeyToken=cc7b13ffcd2ddd51'
TpTrace Information: 0 : 17060, 2, 2025/12/24, 17:58:39.187, 11355031303168, vstest.console.dll, AssemblyResolver.OnResolve: Microsoft.TestPlatform.Extensions.BlameDataCollector: Resolving assembly.
TpTrace Information: 0 : 17060, 2, 2025/12/24, 17:58:39.188, 11355031304755, vstest.console.dll, AssemblyResolver.OnResolve: Microsoft.TestPlatform.Extensions.BlameDataCollector: Searching in: 'C:\Program Files\dotnet\sdk\10.0.101\Extensions'.
TpTrace Information: 0 : 17060, 2, 2025/12/24, 17:58:39.189, 11355031314227, vstest.console.dll, AssemblyResolver.OnResolve: Microsoft.TestPlatform.Extensions.BlameDataCollector: Loading assembly 'C:\Program Files\dotnet\sdk\10.0.101\Extensions\Microsoft.TestPlatform.Extensions.BlameDataCollector.dll'.
TpTrace Information: 0 : 17060, 2, 2025/12/24, 17:58:39.190, 11355031328480, vstest.console.dll, AssemblyResolver.OnResolve: Resolved assembly: Microsoft.TestPlatform.Extensions.BlameDataCollector, from path: C:\Program Files\dotnet\sdk\10.0.101\Extensions\Microsoft.TestPlatform.Extensions.BlameDataCollector.dll
TpTrace Verbose: 0 : 17060, 2, 2025/12/24, 17:58:39.190, 11355031330366, vstest.console.dll, MetadataReaderExtensionsHelper: Discovering extensions inside assembly 'Microsoft.TestPlatform.Extensions.BlameDataCollector, Version=15.0.0.0, Culture=neutral, PublicKeyToken=b03f5f7f11d50a3a' file path 'C:\Program Files\dotnet\sdk\10.0.101\Extensions\Microsoft.TestPlatform.Extensions.BlameDataCollector.dll'
TpTrace Information: 0 : 17060, 2, 2025/12/24, 17:58:39.193, 11355031355944, vstest.console.dll, AssemblyResolver.OnResolve: Microsoft.TestPlatform.Extensions.EventLogCollector: Resolving assembly.
TpTrace Information: 0 : 17060, 2, 2025/12/24, 17:58:39.193, 11355031356836, vstest.console.dll, AssemblyResolver.OnResolve: Microsoft.TestPlatform.Extensions.EventLogCollector: Searching in: 'C:\Program Files\dotnet\sdk\10.0.101\Extensions'.
TpTrace Information: 0 : 17060, 2, 2025/12/24, 17:58:39.194, 11355031364904, vstest.console.dll, AssemblyResolver.OnResolve: Microsoft.TestPlatform.Extensions.EventLogCollector: Loading assembly 'C:\Program Files\dotnet\sdk\10.0.101\Extensions\Microsoft.TestPlatform.Extensions.EventLogCollector.dll'.
TpTrace Information: 0 : 17060, 2, 2025/12/24, 17:58:39.194, 11355031372282, vstest.console.dll, AssemblyResolver.OnResolve: Resolved assembly: Microsoft.TestPlatform.Extensions.EventLogCollector, from path: C:\Program Files\dotnet\sdk\10.0.101\Extensions\Microsoft.TestPlatform.Extensions.EventLogCollector.dll
TpTrace Verbose: 0 : 17060, 2, 2025/12/24, 17:58:39.194, 11355031373180, vstest.console.dll, MetadataReaderExtensionsHelper: Discovering extensions inside assembly 'Microsoft.TestPlatform.Extensions.EventLogCollector, Version=15.0.0.0, Culture=neutral, PublicKeyToken=b03f5f7f11d50a3a' file path 'C:\Program Files\dotnet\sdk\10.0.101\Extensions\Microsoft.TestPlatform.Extensions.EventLogCollector.dll'
TpTrace Information: 0 : 17060, 2, 2025/12/24, 17:58:39.198, 11355031405210, vstest.console.dll, AssemblyResolver.OnResolve: Microsoft.TestPlatform.TestHostRuntimeProvider: Resolving assembly.
TpTrace Information: 0 : 17060, 2, 2025/12/24, 17:58:39.198, 11355031405928, vstest.console.dll, AssemblyResolver.OnResolve: Microsoft.TestPlatform.TestHostRuntimeProvider: Searching in: 'C:\Program Files\dotnet\sdk\10.0.101\Extensions'.
TpTrace Information: 0 : 17060, 2, 2025/12/24, 17:58:39.198, 11355031411998, vstest.console.dll, AssemblyResolver.OnResolve: Microsoft.TestPlatform.TestHostRuntimeProvider: Loading assembly 'C:\Program Files\dotnet\sdk\10.0.101\Extensions\Microsoft.TestPlatform.TestHostRuntimeProvider.dll'.
TpTrace Information: 0 : 17060, 2, 2025/12/24, 17:58:39.199, 11355031417515, vstest.console.dll, AssemblyResolver.OnResolve: Resolved assembly: Microsoft.TestPlatform.TestHostRuntimeProvider, from path: C:\Program Files\dotnet\sdk\10.0.101\Extensions\Microsoft.TestPlatform.TestHostRuntimeProvider.dll
TpTrace Verbose: 0 : 17060, 2, 2025/12/24, 17:58:39.199, 11355031418206, vstest.console.dll, MetadataReaderExtensionsHelper: Discovering extensions inside assembly 'Microsoft.TestPlatform.TestHostRuntimeProvider, Version=15.0.0.0, Culture=neutral, PublicKeyToken=b03f5f7f11d50a3a' file path 'C:\Program Files\dotnet\sdk\10.0.101\Extensions\Microsoft.TestPlatform.TestHostRuntimeProvider.dll'
TpTrace Information: 0 : 17060, 2, 2025/12/24, 17:58:39.200, 11355031431531, vstest.console.dll, GetTestExtensionFromType: Register extension with identifier data 'HostProvider://DefaultTestHost' and type 'Microsoft.VisualStudio.TestPlatform.CrossPlatEngine.Hosting.DefaultTestHostManager, Microsoft.TestPlatform.TestHostRuntimeProvider, Version=15.0.0.0, Culture=neutral, PublicKeyToken=b03f5f7f11d50a3a' inside file 'C:\Program Files\dotnet\sdk\10.0.101\Extensions\Microsoft.TestPlatform.TestHostRuntimeProvider.dll'
TpTrace Information: 0 : 17060, 2, 2025/12/24, 17:58:39.201, 11355031434730, vstest.console.dll, GetTestExtensionFromType: Register extension with identifier data 'HostProvider://DotnetTestHost' and type 'Microsoft.VisualStudio.TestPlatform.CrossPlatEngine.Hosting.DotnetTestHostManager, Microsoft.TestPlatform.TestHostRuntimeProvider, Version=15.0.0.0, Culture=neutral, PublicKeyToken=b03f5f7f11d50a3a' inside file 'C:\Program Files\dotnet\sdk\10.0.101\Extensions\Microsoft.TestPlatform.TestHostRuntimeProvider.dll'
TpTrace Information: 0 : 17060, 2, 2025/12/24, 17:58:39.201, 11355031435950, vstest.console.dll, AssemblyResolver.OnResolve: Microsoft.VisualStudio.TestPlatform.Extensions.Html.TestLogger: Resolving assembly.
TpTrace Information: 0 : 17060, 2, 2025/12/24, 17:58:39.201, 11355031436654, vstest.console.dll, AssemblyResolver.OnResolve: Microsoft.VisualStudio.TestPlatform.Extensions.Html.TestLogger: Searching in: 'C:\Program Files\dotnet\sdk\10.0.101\Extensions'.
TpTrace Information: 0 : 17060, 2, 2025/12/24, 17:58:39.203, 11355031454189, vstest.console.dll, AssemblyResolver.OnResolve: Microsoft.VisualStudio.TestPlatform.Extensions.Html.TestLogger: Loading assembly 'C:\Program Files\dotnet\sdk\10.0.101\Extensions\Microsoft.VisualStudio.TestPlatform.Extensions.Html.TestLogger.dll'.
TpTrace Information: 0 : 17060, 2, 2025/12/24, 17:58:39.204, 11355031465544, vstest.console.dll, AssemblyResolver.OnResolve: Resolved assembly: Microsoft.VisualStudio.TestPlatform.Extensions.Html.TestLogger, from path: C:\Program Files\dotnet\sdk\10.0.101\Extensions\Microsoft.VisualStudio.TestPlatform.Extensions.Html.TestLogger.dll
TpTrace Verbose: 0 : 17060, 2, 2025/12/24, 17:58:39.204, 11355031466493, vstest.console.dll, MetadataReaderExtensionsHelper: Discovering extensions inside assembly 'Microsoft.VisualStudio.TestPlatform.Extensions.Html.TestLogger, Version=15.0.0.0, Culture=neutral, PublicKeyToken=b03f5f7f11d50a3a' file path 'C:\Program Files\dotnet\sdk\10.0.101\Extensions\Microsoft.VisualStudio.TestPlatform.Extensions.Html.TestLogger.dll'
TpTrace Information: 0 : 17060, 2, 2025/12/24, 17:58:39.205, 11355031477986, vstest.console.dll, AssemblyResolver.OnResolve: Microsoft.VisualStudio.TestPlatform.Extensions.Trx.TestLogger: Resolving assembly.
TpTrace Information: 0 : 17060, 2, 2025/12/24, 17:58:39.205, 11355031478709, vstest.console.dll, AssemblyResolver.OnResolve: Microsoft.VisualStudio.TestPlatform.Extensions.Trx.TestLogger: Searching in: 'C:\Program Files\dotnet\sdk\10.0.101\Extensions'.
TpTrace Information: 0 : 17060, 2, 2025/12/24, 17:58:39.206, 11355031484278, vstest.console.dll, AssemblyResolver.OnResolve: Microsoft.VisualStudio.TestPlatform.Extensions.Trx.TestLogger: Loading assembly 'C:\Program Files\dotnet\sdk\10.0.101\Extensions\Microsoft.VisualStudio.TestPlatform.Extensions.Trx.TestLogger.dll'.
TpTrace Information: 0 : 17060, 2, 2025/12/24, 17:58:39.206, 11355031490250, vstest.console.dll, AssemblyResolver.OnResolve: Resolved assembly: Microsoft.VisualStudio.TestPlatform.Extensions.Trx.TestLogger, from path: C:\Program Files\dotnet\sdk\10.0.101\Extensions\Microsoft.VisualStudio.TestPlatform.Extensions.Trx.TestLogger.dll
TpTrace Verbose: 0 : 17060, 2, 2025/12/24, 17:58:39.206, 11355031490973, vstest.console.dll, MetadataReaderExtensionsHelper: Discovering extensions inside assembly 'Microsoft.VisualStudio.TestPlatform.Extensions.Trx.TestLogger, Version=15.0.0.0, Culture=neutral, PublicKeyToken=b03f5f7f11d50a3a' file path 'C:\Program Files\dotnet\sdk\10.0.101\Extensions\Microsoft.VisualStudio.TestPlatform.Extensions.Trx.TestLogger.dll'
TpTrace Verbose: 0 : 17060, 2, 2025/12/24, 17:58:39.208, 11355031511072, vstest.console.dll, TestPluginCache: Discovered the extensions using extension path ''.
TpTrace Verbose: 0 : 17060, 2, 2025/12/24, 17:58:39.209, 11355031513589, vstest.console.dll, TestPluginCache: Discoverers are ''.
TpTrace Verbose: 0 : 17060, 2, 2025/12/24, 17:58:39.209, 11355031514348, vstest.console.dll, TestPluginCache: Executors are ''.
TpTrace Verbose: 0 : 17060, 2, 2025/12/24, 17:58:39.209, 11355031514760, vstest.console.dll, TestPluginCache: Executors2 are ''.
TpTrace Verbose: 0 : 17060, 2, 2025/12/24, 17:58:39.209, 11355031515160, vstest.console.dll, TestPluginCache: Setting providers are ''.
TpTrace Verbose: 0 : 17060, 2, 2025/12/24, 17:58:39.209, 11355031515559, vstest.console.dll, TestPluginCache: Loggers are ''.
TpTrace Verbose: 0 : 17060, 2, 2025/12/24, 17:58:39.209, 11355031519791, vstest.console.dll, TestPluginCache: TestHosts are 'HostProvider://DefaultTestHost,HostProvider://DotnetTestHost'.
TpTrace Verbose: 0 : 17060, 2, 2025/12/24, 17:58:39.209, 11355031520578, vstest.console.dll, TestPluginCache: DataCollectors are ''.
TpTrace Information: 0 : 17060, 2, 2025/12/24, 17:58:39.228, 11355031707773, vstest.console.dll, RunTestsArgumentProcessor:Execute: Test run is starting.
TpTrace Verbose: 0 : 17060, 2, 2025/12/24, 17:58:39.228, 11355031708586, vstest.console.dll, RunTestsArgumentProcessor:Execute: Queuing Test run.
TpTrace Information: 0 : 17060, 2, 2025/12/24, 17:58:39.228, 11355031710110, vstest.console.dll, TestRequestManager.RunTests: run tests started.
TpTrace Information: 0 : 17060, 2, 2025/12/24, 17:58:39.229, 11355031722134, vstest.console.dll, AssemblyMetadataProvider.GetFrameworkName: Determined framework:'.NETCoreApp,Version=v8.0' for source: 'C:\Users\Osama Al-Momani\OneDrive\Desktop\Galaxy-PP\Galaxy-Waves\src\ProductService.Tests\bin\Debug\net8.0\ProductService.Tests.dll'
TpTrace Information: 0 : 17060, 2, 2025/12/24, 17:58:39.230, 11355031727065, vstest.console.dll, Determined framework for all sources: .NETCoreApp,Version=v8.0
TpTrace Verbose: 0 : 17060, 2, 2025/12/24, 17:58:39.233, 11355031755938, vstest.console.dll, TestRequestManager.UpdateRunSettingsIfRequired: Default architecture: X64 IsDefaultTargetArchitecture: True, Current process architecture: X64 OperatingSystem: Windows.
TpTrace Information: 0 : 17060, 2, 2025/12/24, 17:58:39.235, 11355031779459, vstest.console.dll, AssemblyMetadataProvider.GetArchitecture: Determined architecture:AnyCPU info for assembly: C:\Users\Osama Al-Momani\OneDrive\Desktop\Galaxy-PP\Galaxy-Waves\src\ProductService.Tests\bin\Debug\net8.0\ProductService.Tests.dll
TpTrace Information: 0 : 17060, 2, 2025/12/24, 17:58:39.235, 11355031780488, vstest.console.dll, Determined platform for source 'C:\Users\Osama Al-Momani\OneDrive\Desktop\Galaxy-PP\Galaxy-Waves\src\ProductService.Tests\bin\Debug\net8.0\ProductService.Tests.dll' was AnyCPU and it will use the default plaform X64.
TpTrace Information: 0 : 17060, 2, 2025/12/24, 17:58:39.235, 11355031780784, vstest.console.dll, None of the sources provided any runnable platform, using the default platform: X64
TpTrace Information: 0 : 17060, 2, 2025/12/24, 17:58:39.235, 11355031782347, vstest.console.dll, Platform was updated to 'X64'.
TpTrace Information: 0 : 17060, 2, 2025/12/24, 17:58:39.238, 11355031805758, vstest.console.dll, Compatible sources list: 
TpTrace Information: 0 : 17060, 2, 2025/12/24, 17:58:39.238, 11355031809598, vstest.console.dll, C:\Users\Osama Al-Momani\OneDrive\Desktop\Galaxy-PP\Galaxy-Waves\src\ProductService.Tests\bin\Debug\net8.0\ProductService.Tests.dll
TpTrace Information: 0 : 17060, 2, 2025/12/24, 17:58:39.241, 11355031836604, vstest.console.dll, InferRunSettingsHelper.IsTestSettingsEnabled: Unable to navigate to RunSettings/MSTest. Current node: RunSettings
TpTrace Information: 0 : 17060, 2, 2025/12/24, 17:58:39.242, 11355031843538, vstest.console.dll, AssemblyResolver.OnResolve: Microsoft.VisualStudio.TestPlatform.Fakes: Resolving assembly.
TpTrace Information: 0 : 17060, 2, 2025/12/24, 17:58:39.242, 11355031844160, vstest.console.dll, AssemblyResolver.OnResolve: Microsoft.VisualStudio.TestPlatform.Fakes: Searching in: 'C:\Program Files\dotnet\sdk\10.0.101\Extensions'.
TpTrace Information: 0 : 17060, 2, 2025/12/24, 17:58:39.242, 11355031844901, vstest.console.dll, AssemblyResolver.OnResolve: Microsoft.VisualStudio.TestPlatform.Fakes: Assembly path does not exist: 'C:\Program Files\dotnet\sdk\10.0.101\Extensions\Microsoft.VisualStudio.TestPlatform.Fakes.dll', returning.
TpTrace Information: 0 : 17060, 2, 2025/12/24, 17:58:39.242, 11355031845303, vstest.console.dll, AssemblyResolver.OnResolve: Microsoft.VisualStudio.TestPlatform.Fakes: Assembly path does not exist: 'C:\Program Files\dotnet\sdk\10.0.101\Extensions\Microsoft.VisualStudio.TestPlatform.Fakes.exe', returning.
TpTrace Information: 0 : 17060, 2, 2025/12/24, 17:58:39.242, 11355031845465, vstest.console.dll, AssemblyResolver.OnResolve: Microsoft.VisualStudio.TestPlatform.Fakes: Searching in: 'C:\Program Files\dotnet\sdk\10.0.101'.
TpTrace Information: 0 : 17060, 2, 2025/12/24, 17:58:39.242, 11355031845830, vstest.console.dll, AssemblyResolver.OnResolve: Microsoft.VisualStudio.TestPlatform.Fakes: Assembly path does not exist: 'C:\Program Files\dotnet\sdk\10.0.101\Microsoft.VisualStudio.TestPlatform.Fakes.dll', returning.
TpTrace Information: 0 : 17060, 2, 2025/12/24, 17:58:39.242, 11355031846112, vstest.console.dll, AssemblyResolver.OnResolve: Microsoft.VisualStudio.TestPlatform.Fakes: Assembly path does not exist: 'C:\Program Files\dotnet\sdk\10.0.101\Microsoft.VisualStudio.TestPlatform.Fakes.exe', returning.
TpTrace Information: 0 : 17060, 2, 2025/12/24, 17:58:39.242, 11355031846266, vstest.console.dll, AssemblyResolver.OnResolve: Microsoft.VisualStudio.TestPlatform.Fakes: Failed to load assembly.
TpTrace Information: 0 : 17060, 2, 2025/12/24, 17:58:39.242, 11355031848216, vstest.console.dll, Failed to load assembly Microsoft.VisualStudio.TestPlatform.Fakes, Version=18.0.0.0, Culture=neutral. Reason:System.IO.FileNotFoundException: Could not load file or assembly 'Microsoft.VisualStudio.TestPlatform.Fakes, Version=18.0.0.0, Culture=neutral, PublicKeyToken=null'. The system cannot find the file specified.
File name: 'Microsoft.VisualStudio.TestPlatform.Fakes, Version=18.0.0.0, Culture=neutral, PublicKeyToken=null'
   at System.Reflection.RuntimeAssembly.InternalLoad(AssemblyName assemblyName, StackCrawlMark& stackMark, AssemblyLoadContext assemblyLoadContext, RuntimeAssembly requestingAssembly, Boolean throwOnFileNotFound)
   at System.Reflection.Assembly.Load(AssemblyName assemblyRef)
   at Microsoft.VisualStudio.TestPlatform.Common.Utilities.FakesUtilities.LoadTestPlatformAssembly() in /_/src/vstest/src/Microsoft.TestPlatform.Common/Utilities/FakesUtilities.cs:line 200
TpTrace Verbose: 0 : 17060, 2, 2025/12/24, 17:58:39.252, 11355031947988, vstest.console.dll, TestEngine: Initializing Parallel Execution as MaxCpuCount is set to: 1
TpTrace Information: 0 : 17060, 2, 2025/12/24, 17:58:39.253, 11355031958718, vstest.console.dll, TestPluginManager.CreateTestExtension: Attempting to load test extension: Microsoft.VisualStudio.TestPlatform.CrossPlatEngine.Hosting.DefaultTestHostManager
TpTrace Information: 0 : 17060, 2, 2025/12/24, 17:58:39.255, 11355031975145, vstest.console.dll, TestPluginManager.CreateTestExtension: Attempting to load test extension: Microsoft.VisualStudio.TestPlatform.CrossPlatEngine.Hosting.DotnetTestHostManager
TpTrace Verbose: 0 : 17060, 2, 2025/12/24, 17:58:39.255, 11355031977666, vstest.console.dll, TestHostManagerCallbacks.ctor: Forwarding output is enabled.
TpTrace Information: 0 : 17060, 2, 2025/12/24, 17:58:39.255, 11355031980723, vstest.console.dll, InferRunSettingsHelper.IsTestSettingsEnabled: Unable to navigate to RunSettings/MSTest. Current node: RunSettings
TpTrace Verbose: 0 : 17060, 2, 2025/12/24, 17:58:39.256, 11355031984790, vstest.console.dll, ParallelOperationManager.ClearSlots: Clearing all slots. Slots should accept more work: True
TpTrace Verbose: 0 : 17060, 2, 2025/12/24, 17:58:39.257, 11355031998757, vstest.console.dll, ParallelOperationManager.SetOccupiedSlotCount: Setting slot counts AvailableSlotCount = 1, OccupiedSlotCount = 0.
TpTrace Verbose: 0 : 17060, 2, 2025/12/24, 17:58:39.257, 11355032003228, vstest.console.dll, Occupied slots:

TpTrace Verbose: 0 : 17060, 2, 2025/12/24, 17:58:39.260, 11355032029999, vstest.console.dll, TestEngine.GetExecutionManager: Chosen execution manager 'Microsoft.VisualStudio.TestPlatform.CrossPlatEngine.Client.Parallel.ParallelProxyExecutionManager, Microsoft.TestPlatform.CrossPlatEngine, Version=15.0.0.0, Culture=neutral, PublicKeyToken=b03f5f7f11d50a3a' ParallelLevel '1'.
TpTrace Verbose: 0 : 17060, 2, 2025/12/24, 17:58:39.260, 11355032031588, vstest.console.dll, TestPlatform.GetSkipDefaultAdapters: Not skipping default adapters SkipDefaultAdapters was false.
TpTrace Verbose: 0 : 17060, 2, 2025/12/24, 17:58:39.260, 11355032032381, vstest.console.dll, TestRunRequest.ExecuteAsync: Creating test run request.
TpTrace Verbose: 0 : 17060, 2, 2025/12/24, 17:58:39.261, 11355032034175, vstest.console.dll, TestRunRequest.ExecuteAsync: Starting.
TpTrace Information: 0 : 17060, 2, 2025/12/24, 17:58:39.261, 11355032041682, vstest.console.dll, TestRunRequest.ExecuteAsync: Starting run with settings:TestRunCriteria:
   KeepAlive=False,FrequencyOfRunStatsChangeEvent=10,RunStatsChangeEventTimeout=00:00:01.5000000,TestCaseFilter=,TestExecutorLauncher=
   Settingsxml=<RunSettings>
  <RunConfiguration>
    <ResultsDirectory>C:\Users\Osama Al-Momani\OneDrive\Desktop\Galaxy-PP\Galaxy-Waves\src\ProductService.Tests\TestResults</ResultsDirectory>
    <TargetPlatform>X64</TargetPlatform>
    <TargetFrameworkVersion>.NETCoreApp,Version=v8.0</TargetFrameworkVersion>
    <DesignMode>False</DesignMode>
    <CollectSourceInformation>False</CollectSourceInformation>
  </RunConfiguration>
  <LoggerRunSettings>
    <Loggers>
      <Logger friendlyName="console" assemblyQualifiedName="Microsoft.VisualStudio.TestPlatform.CommandLine.Internal.ConsoleLogger, vstest.console, Version=15.0.0.0, Culture=neutral, PublicKeyToken=b03f5f7f11d50a3a" codeBase="C:\Program Files\dotnet\sdk\10.0.101\vstest.console.dll" enabled="True">
        <Configuration>
          <verbosity>minimal</verbosity>
        </Configuration>
      </Logger>
      <Logger friendlyName="Microsoft.TestPlatform.MSBuildLogger" assemblyQualifiedName="Microsoft.VisualStudio.TestPlatform.CommandLine.Internal.MSBuildLogger, vstest.console, Version=15.0.0.0, Culture=neutral, PublicKeyToken=b03f5f7f11d50a3a" codeBase="C:\Program Files\dotnet\sdk\10.0.101\vstest.console.dll" enabled="True">
        <Configuration>
          <Verbosity>minimal</Verbosity>
        </Configuration>
      </Logger>
    </Loggers>
  </LoggerRunSettings>
</RunSettings>

TpTrace Verbose: 0 : 17060, 2, 2025/12/24, 17:58:39.261, 11355032042127, vstest.console.dll, TestRunRequest.ExecuteAsync: Wait for the first run request is over.
TpTrace Verbose: 0 : 17060, 2, 2025/12/24, 17:58:39.262, 11355032044259, vstest.console.dll, MulticastDelegateUtilities.SafeInvoke: TestRun.TestRunStart: Invoking callbacks was skipped because there are no subscribers.
TpTrace Verbose: 0 : 17060, 4, 2025/12/24, 17:58:39.262, 11355032047356, vstest.console.dll, MulticastDelegateUtilities.SafeInvoke: InternalTestLoggerEvents.SendTestRunStart: Invoking callback 1/1 for Microsoft.VisualStudio.TestPlatform.CommandLine.Internal.ConsoleLogger., took 0 ms.
TpTrace Verbose: 0 : 17060, 2, 2025/12/24, 17:58:39.263, 11355032053834, vstest.console.dll, ParallelProxyExecutionManager: Start execution. Total sources: 1
TpTrace Verbose: 0 : 17060, 2, 2025/12/24, 17:58:39.263, 11355032057121, vstest.console.dll, ParallelOperationManager.StartWork: Starting adding 1 workloads.
TpTrace Verbose: 0 : 17060, 2, 2025/12/24, 17:58:39.263, 11355032057777, vstest.console.dll, ParallelOperationManager.ClearSlots: Clearing all slots. Slots should accept more work: True
TpTrace Verbose: 0 : 17060, 2, 2025/12/24, 17:58:39.263, 11355032058363, vstest.console.dll, ParallelOperationManager.SetOccupiedSlotCount: Setting slot counts AvailableSlotCount = 1, OccupiedSlotCount = 0.
TpTrace Verbose: 0 : 17060, 2, 2025/12/24, 17:58:39.263, 11355032058620, vstest.console.dll, Occupied slots:

TpTrace Verbose: 0 : 17060, 2, 2025/12/24, 17:58:39.264, 11355032069458, vstest.console.dll, TestHostManagerCallbacks.ctor: Forwarding output is enabled.
TpTrace Verbose: 0 : 17060, 2, 2025/12/24, 17:58:39.264, 11355032071222, vstest.console.dll, TestRequestSender is acting as server.
TpTrace Verbose: 0 : 17060, 2, 2025/12/24, 17:58:39.265, 11355032073373, vstest.console.dll, ParallelOperationManager.RunWorkInParallel: Adding 1 workload to slot, remaining workloads 0.
TpTrace Verbose: 0 : 17060, 2, 2025/12/24, 17:58:39.265, 11355032073761, vstest.console.dll, ParallelOperationManager.SetOccupiedSlotCount: Setting slot counts AvailableSlotCount = 0, OccupiedSlotCount = 1.
TpTrace Verbose: 0 : 17060, 2, 2025/12/24, 17:58:39.265, 11355032074435, vstest.console.dll, Occupied slots:
0: C:\Users\Osama Al-Momani\OneDrive\Desktop\Galaxy-PP\Galaxy-Waves\src\ProductService.Tests\bin\Debug\net8.0\ProductService.Tests.dll
TpTrace Verbose: 0 : 17060, 2, 2025/12/24, 17:58:39.266, 11355032084110, vstest.console.dll, ParallelOperationManager.RunWorkInParallel: Started host in slot number 0 for work (source): C:\Users\Osama Al-Momani\OneDrive\Desktop\Galaxy-PP\Galaxy-Waves\src\ProductService.Tests\bin\Debug\net8.0\ProductService.Tests.dll.
TpTrace Verbose: 0 : 17060, 2, 2025/12/24, 17:58:39.267, 11355032093996, vstest.console.dll, ParallelOperationManager.RunWorkInParallel: We started 1 work items, which is the max parallel level. Won't start more work.
TpTrace Verbose: 0 : 17060, 5, 2025/12/24, 17:58:39.267, 11355032094145, vstest.console.dll, ParallelProxyExecutionManager.StartTestRunOnConcurrentManager: Initializing uninitialized client. Started clients: 0
TpTrace Verbose: 0 : 17060, 5, 2025/12/24, 17:58:39.267, 11355032095046, vstest.console.dll, ParallelProxyExecutionManager.StartTestRunOnConcurrentManager: Initializing test run. Started clients: 0
TpTrace Verbose: 0 : 17060, 2, 2025/12/24, 17:58:39.267, 11355032095073, vstest.console.dll, ParallelOperationManager.RunWorkInParallel: We started 1 work items in here, returning True.
TpTrace Information: 0 : 17060, 2, 2025/12/24, 17:58:39.267, 11355032095637, vstest.console.dll, TestRunRequest.ExecuteAsync: Started.
TpTrace Verbose: 0 : 17060, 5, 2025/12/24, 17:58:39.267, 11355032096029, vstest.console.dll, ProxyExecutionManager: Test host is always Lazy initialize.
TpTrace Verbose: 0 : 17060, 5, 2025/12/24, 17:58:39.267, 11355032097791, vstest.console.dll, TestRequestSender.InitializeCommunication: initialize communication. 
TpTrace Verbose: 0 : 17060, 2, 2025/12/24, 17:58:39.267, 11355032099664, vstest.console.dll, TestRunRequest.WaitForCompletion: Waiting with timeout -1.
TpTrace Information: 0 : 17060, 5, 2025/12/24, 17:58:39.281, 11355032233791, vstest.console.dll, SocketServer.Start: Listening on endpoint : 127.0.0.1:61510
TpTrace Verbose: 0 : 17060, 5, 2025/12/24, 17:58:39.287, 11355032296644, vstest.console.dll, DotnetTestHostmanager.GetTestHostProcessStartInfo: Platform environment 'X64' target architecture 'X64' framework '.NETCoreApp,Version=v8.0' OS 'Windows'
TpTrace Verbose: 0 : 17060, 5, 2025/12/24, 17:58:39.287, 11355032298603, vstest.console.dll, DotnetTestHostmanager.LaunchTestHostAsync: VSTEST_DOTNET_ROOT_PATH=C:\Program Files\dotnet
TpTrace Verbose: 0 : 17060, 5, 2025/12/24, 17:58:39.287, 11355032299010, vstest.console.dll, DotnetTestHostmanager.LaunchTestHostAsync: VSTEST_DOTNET_ROOT_ARCHITECTURE=X64
TpTrace Verbose: 0 : 17060, 5, 2025/12/24, 17:58:39.287, 11355032299942, vstest.console.dll, DotnetTestHostManager.SetDotnetRootForArchitecture: Adding DOTNET_ROOT_X64=C:\Program Files\dotnet to testhost start info.
TpTrace Verbose: 0 : 17060, 5, 2025/12/24, 17:58:39.287, 11355032301319, vstest.console.dll, DotnetTestHostmanager: Adding  --runtimeconfig "C:\Users\Osama Al-Momani\OneDrive\Desktop\Galaxy-PP\Galaxy-Waves\src\ProductService.Tests\bin\Debug\net8.0\ProductService.Tests.runtimeconfig.json" in args
TpTrace Verbose: 0 : 17060, 5, 2025/12/24, 17:58:39.287, 11355032301922, vstest.console.dll, DotnetTestHostmanager: Adding  --depsfile "C:\Users\Osama Al-Momani\OneDrive\Desktop\Galaxy-PP\Galaxy-Waves\src\ProductService.Tests\bin\Debug\net8.0\ProductService.Tests.deps.json" in args
TpTrace Verbose: 0 : 17060, 5, 2025/12/24, 17:58:39.288, 11355032304086, vstest.console.dll, DotnetTestHostmanager.IsWinOnArm: Current PROCESSOR_ARCHITECTURE from environment variable 'AMD64'
TpTrace Verbose: 0 : 17060, 5, 2025/12/24, 17:58:39.288, 11355032304476, vstest.console.dll, DotnetTestHostmanager.IsWinOnArm: Is Windows on ARM 'False'
TpTrace Information: 0 : 17060, 5, 2025/12/24, 17:58:39.288, 11355032305472, vstest.console.dll, AssemblyResolver.OnResolve: Microsoft.Extensions.DependencyModel: Resolving assembly.
TpTrace Information: 0 : 17060, 5, 2025/12/24, 17:58:39.288, 11355032305724, vstest.console.dll, AssemblyResolver.OnResolve: Microsoft.Extensions.DependencyModel: Searching in: 'C:\Program Files\dotnet\sdk\10.0.101\Extensions'.
TpTrace Information: 0 : 17060, 5, 2025/12/24, 17:58:39.288, 11355032306114, vstest.console.dll, AssemblyResolver.OnResolve: Microsoft.Extensions.DependencyModel: Assembly path does not exist: 'C:\Program Files\dotnet\sdk\10.0.101\Extensions\Microsoft.Extensions.DependencyModel.dll', returning.
TpTrace Information: 0 : 17060, 5, 2025/12/24, 17:58:39.288, 11355032306390, vstest.console.dll, AssemblyResolver.OnResolve: Microsoft.Extensions.DependencyModel: Assembly path does not exist: 'C:\Program Files\dotnet\sdk\10.0.101\Extensions\Microsoft.Extensions.DependencyModel.exe', returning.
TpTrace Information: 0 : 17060, 5, 2025/12/24, 17:58:39.288, 11355032306572, vstest.console.dll, AssemblyResolver.OnResolve: Microsoft.Extensions.DependencyModel: Searching in: 'C:\Program Files\dotnet\sdk\10.0.101'.
TpTrace Information: 0 : 17060, 5, 2025/12/24, 17:58:39.289, 11355032314094, vstest.console.dll, AssemblyResolver.OnResolve: Microsoft.Extensions.DependencyModel: Loading assembly 'C:\Program Files\dotnet\sdk\10.0.101\Microsoft.Extensions.DependencyModel.dll'.
TpTrace Information: 0 : 17060, 5, 2025/12/24, 17:58:39.289, 11355032322719, vstest.console.dll, AssemblyResolver.OnResolve: Resolved assembly: Microsoft.Extensions.DependencyModel, from path: C:\Program Files\dotnet\sdk\10.0.101\Microsoft.Extensions.DependencyModel.dll
TpTrace Verbose: 0 : 17060, 5, 2025/12/24, 17:58:39.290, 11355032329387, vstest.console.dll, DotnetTestHostmanager: Runtimeconfig.dev.json C:\Users\Osama Al-Momani\OneDrive\Desktop\Galaxy-PP\Galaxy-Waves\src\ProductService.Tests\bin\Debug\net8.0\ProductService.Tests.runtimeconfig.dev.json does not exist.
TpTrace Verbose: 0 : 17060, 5, 2025/12/24, 17:58:39.290, 11355032330951, vstest.console.dll, DotnetTestHostmanager: Runtimeconfig.dev.json C:\Users\Osama Al-Momani\OneDrive\Desktop\Galaxy-PP\Galaxy-Waves\src\ProductService.Tests\bin\Debug\net8.0\ProductService.Tests.runtimeconfig.dev.json does not exist.
TpTrace Verbose: 0 : 17060, 5, 2025/12/24, 17:58:39.290, 11355032332320, vstest.console.dll, DotnetTestHostManager: Found testhost.dll next to runner executable: C:\Program Files\dotnet\sdk\10.0.101\testhost.dll.
TpTrace Verbose: 0 : 17060, 5, 2025/12/24, 17:58:39.290, 11355032332734, vstest.console.dll, DotnetTestHostmanager: Adding  --additional-deps "C:\Program Files\dotnet\sdk\10.0.101\testhost.deps.json" in args
TpTrace Verbose: 0 : 17060, 5, 2025/12/24, 17:58:39.290, 11355032332978, vstest.console.dll, DotnetTestHostmanager: Adding  --additionalprobingpath "C:\Program Files\dotnet\sdk\10.0.101" in args
TpTrace Verbose: 0 : 17060, 5, 2025/12/24, 17:58:39.291, 11355032333470, vstest.console.dll, DotnetTestHostmanager: Current process architetcure 'X64'
TpTrace Verbose: 0 : 17060, 5, 2025/12/24, 17:58:39.291, 11355032335516, vstest.console.dll, DotnetTestHostmanager.LaunchTestHostAsync: Compatible muxer architecture of running process 'X64' and target architecture 'X64'
TpTrace Verbose: 0 : 17060, 5, 2025/12/24, 17:58:39.291, 11355032335849, vstest.console.dll, DotnetTestHostmanager: Full path of testhost.dll is C:\Program Files\dotnet\sdk\10.0.101\testhost.dll
TpTrace Verbose: 0 : 17060, 5, 2025/12/24, 17:58:39.291, 11355032336471, vstest.console.dll, DotnetTestHostmanager: Full path of host exe is C:\Program Files\dotnet\dotnet.exe
TpTrace Verbose: 0 : 17060, 5, 2025/12/24, 17:58:39.292, 11355032350058, vstest.console.dll, DotnetTestHostManager: Starting process '0' with command line '1' and DOTNET environment: DOTNET_ROOT_X64=C:\Program Files\dotnet 
TpTrace Verbose: 0 : 17060, 5, 2025/12/24, 17:58:39.299, 11355032418574, vstest.console.dll, Test Runtime launched
TpTrace Verbose: 0 : 17060, 5, 2025/12/24, 17:58:39.299, 11355032419619, vstest.console.dll, MulticastDelegateUtilities.SafeInvoke: HostProviderEvents.OnHostLaunched: Invoking callback 1/1 for Microsoft.VisualStudio.TestPlatform.CrossPlatEngine.Client.ProxyOperationManager., took 0 ms.
TpTrace Verbose: 0 : 17060, 5, 2025/12/24, 17:58:39.299, 11355032421656, vstest.console.dll, TestRequestSender.WaitForRequestHandlerConnection: waiting for connection with timeout: 90000.
TpTrace Warning: 0 : 17060, 12, 2025/12/24, 17:58:39.328, 11355032706396, vstest.console.dll, TestHostManagerCallbacks.ErrorReceivedCallback Test host standard error line: Error:
TpTrace Verbose: 0 : 17060, 12, 2025/12/24, 17:58:39.328, 11355032708322, vstest.console.dll, MulticastDelegateUtilities.SafeInvoke: TestRunMessageLoggerProxy.SendMessage: Invoking callback 1/1 for Microsoft.VisualStudio.TestPlatform.Common.Logging.InternalTestLoggerEvents., took 0 ms.
TpTrace Warning: 0 : 17060, 12, 2025/12/24, 17:58:39.328, 11355032708846, vstest.console.dll, TestHostManagerCallbacks.ErrorReceivedCallback Test host standard error line:   An assembly specified in the application dependencies manifest (testhost.deps.json) was not found:
TpTrace Verbose: 0 : 17060, 12, 2025/12/24, 17:58:39.328, 11355032710881, vstest.console.dll, MulticastDelegateUtilities.SafeInvoke: TestRunMessageLoggerProxy.SendMessage: Invoking callback 1/1 for Microsoft.VisualStudio.TestPlatform.Common.Logging.InternalTestLoggerEvents., took 0 ms.
TpTrace Verbose: 0 : 17060, 4, 2025/12/24, 17:58:39.328, 11355032711101, vstest.console.dll, MulticastDelegateUtilities.SafeInvoke: InternalTestLoggerEvents.SendMessage: Invoking callback 1/2 for Microsoft.VisualStudio.TestPlatform.CommandLine.Internal.ConsoleLogger., took 0 ms.
TpTrace Warning: 0 : 17060, 12, 2025/12/24, 17:58:39.328, 11355032711208, vstest.console.dll, TestHostManagerCallbacks.ErrorReceivedCallback Test host standard error line:     package: 'Microsoft.TestPlatform.CommunicationUtilities', version: '18.0.1-release-25569-105'
TpTrace Verbose: 0 : 17060, 12, 2025/12/24, 17:58:39.328, 11355032712314, vstest.console.dll, MulticastDelegateUtilities.SafeInvoke: TestRunMessageLoggerProxy.SendMessage: Invoking callback 1/1 for Microsoft.VisualStudio.TestPlatform.Common.Logging.InternalTestLoggerEvents., took 0 ms.
TpTrace Warning: 0 : 17060, 12, 2025/12/24, 17:58:39.329, 11355032713722, vstest.console.dll, TestHostManagerCallbacks.ErrorReceivedCallback Test host standard error line:     path: 'Microsoft.TestPlatform.CommunicationUtilities.dll'
TpTrace Verbose: 0 : 17060, 4, 2025/12/24, 17:58:39.329, 11355032713699, vstest.console.dll, MulticastDelegateUtilities.SafeInvoke: InternalTestLoggerEvents.SendMessage: Invoking callback 2/2 for Microsoft.VisualStudio.TestPlatform.CommandLine.Internal.MSBuildLogger., took 0 ms.
TpTrace Verbose: 0 : 17060, 12, 2025/12/24, 17:58:39.329, 11355032714172, vstest.console.dll, MulticastDelegateUtilities.SafeInvoke: TestRunMessageLoggerProxy.SendMessage: Invoking callback 1/1 for Microsoft.VisualStudio.TestPlatform.Common.Logging.InternalTestLoggerEvents., took 0 ms.
TpTrace Warning: 0 : 17060, 12, 2025/12/24, 17:58:39.329, 11355032715502, vstest.console.dll, TestHostManagerCallbacks.ErrorReceivedCallback Test host standard error line: 
TpTrace Verbose: 0 : 17060, 13, 2025/12/24, 17:58:39.329, 11355032716049, vstest.console.dll, TestHostManagerCallbacks.StandardOutputReceivedCallback Test host standard output line: 
TpTrace Verbose: 0 : 17060, 4, 2025/12/24, 17:58:39.329, 11355032718472, vstest.console.dll, MulticastDelegateUtilities.SafeInvoke: InternalTestLoggerEvents.SendMessage: Invoking callback 1/2 for Microsoft.VisualStudio.TestPlatform.CommandLine.Internal.ConsoleLogger., took 0 ms.
TpTrace Verbose: 0 : 17060, 4, 2025/12/24, 17:58:39.329, 11355032719811, vstest.console.dll, MulticastDelegateUtilities.SafeInvoke: InternalTestLoggerEvents.SendMessage: Invoking callback 2/2 for Microsoft.VisualStudio.TestPlatform.CommandLine.Internal.MSBuildLogger., took 0 ms.
TpTrace Verbose: 0 : 17060, 4, 2025/12/24, 17:58:39.329, 11355032720192, vstest.console.dll, MulticastDelegateUtilities.SafeInvoke: InternalTestLoggerEvents.SendMessage: Invoking callback 1/2 for Microsoft.VisualStudio.TestPlatform.CommandLine.Internal.ConsoleLogger., took 0 ms.
TpTrace Verbose: 0 : 17060, 4, 2025/12/24, 17:58:39.329, 11355032720520, vstest.console.dll, MulticastDelegateUtilities.SafeInvoke: InternalTestLoggerEvents.SendMessage: Invoking callback 2/2 for Microsoft.VisualStudio.TestPlatform.CommandLine.Internal.MSBuildLogger., took 0 ms.
TpTrace Verbose: 0 : 17060, 4, 2025/12/24, 17:58:39.329, 11355032720681, vstest.console.dll, MulticastDelegateUtilities.SafeInvoke: InternalTestLoggerEvents.SendMessage: Invoking callback 1/2 for Microsoft.VisualStudio.TestPlatform.CommandLine.Internal.ConsoleLogger., took 0 ms.
TpTrace Verbose: 0 : 17060, 4, 2025/12/24, 17:58:39.329, 11355032721007, vstest.console.dll, MulticastDelegateUtilities.SafeInvoke: InternalTestLoggerEvents.SendMessage: Invoking callback 2/2 for Microsoft.VisualStudio.TestPlatform.CommandLine.Internal.MSBuildLogger., took 0 ms.
TpTrace Verbose: 0 : 17060, 13, 2025/12/24, 17:58:39.331, 11355032739648, vstest.console.dll, TestHostProvider.ExitCallBack: Host exited starting callback.
TpTrace Error: 0 : 17060, 13, 2025/12/24, 17:58:39.331, 11355032740708, vstest.console.dll, TestHostManagerCallbacks.ExitCallBack: Testhost processId: 448 exited with exitcode: -2147450740 error: 'Error:
  An assembly specified in the application dependencies manifest (testhost.deps.json) was not found:
    package: 'Microsoft.TestPlatform.CommunicationUtilities', version: '18.0.1-release-25569-105'
    path: 'Microsoft.TestPlatform.CommunicationUtilities.dll'
'
TpTrace Verbose: 0 : 17060, 13, 2025/12/24, 17:58:39.331, 11355032741002, vstest.console.dll, DotnetTestHostManager.OnHostExited: invoking OnHostExited callback
TpTrace Verbose: 0 : 17060, 13, 2025/12/24, 17:58:39.331, 11355032743292, vstest.console.dll, CrossPlatEngine.TestHostManagerHostExited: calling on client process exit callback.
TpTrace Information: 0 : 17060, 13, 2025/12/24, 17:58:39.332, 11355032743986, vstest.console.dll, TestRequestSender.OnClientProcessExit: Test host process exited. Standard error: Error:
  An assembly specified in the application dependencies manifest (testhost.deps.json) was not found:
    package: 'Microsoft.TestPlatform.CommunicationUtilities', version: '18.0.1-release-25569-105'
    path: 'Microsoft.TestPlatform.CommunicationUtilities.dll'

TpTrace Information: 0 : 17060, 13, 2025/12/24, 17:58:39.332, 11355032744356, vstest.console.dll, SocketServer.Stop: Stop server endPoint: 127.0.0.1:61510
TpTrace Information: 0 : 17060, 13, 2025/12/24, 17:58:39.332, 11355032744551, vstest.console.dll, SocketServer.Stop: Cancellation requested. Stopping message loop.
TpTrace Verbose: 0 : 17060, 5, 2025/12/24, 17:58:39.332, 11355032744609, vstest.console.dll, TestRequestSender.WaitForRequestHandlerConnection: waiting took 32 ms, with timeout 90000 ms, and result 2, which is failure.
TpTrace Verbose: 0 : 17060, 13, 2025/12/24, 17:58:39.332, 11355032745480, vstest.console.dll, MulticastDelegateUtilities.SafeInvoke: HostProviderEvents.OnHostExited: Invoking callback 1/1 for Microsoft.VisualStudio.TestPlatform.CrossPlatEngine.Client.ProxyOperationManager., took 0 ms.
TpTrace Verbose: 0 : 17060, 5, 2025/12/24, 17:58:39.332, 11355032745537, vstest.console.dll, Test host failed to start Test host launched:True test host exited: True
TpTrace Error: 0 : 17060, 5, 2025/12/24, 17:58:39.333, 11355032755252, vstest.console.dll, ProxyExecutionManager.StartTestRun: Failed to start test run: Microsoft.VisualStudio.TestPlatform.ObjectModel.TestPlatformException: Testhost process for source(s) 'C:\Users\Osama Al-Momani\OneDrive\Desktop\Galaxy-PP\Galaxy-Waves\src\ProductService.Tests\bin\Debug\net8.0\ProductService.Tests.dll' exited with error: Error:
  An assembly specified in the application dependencies manifest (testhost.deps.json) was not found:
    package: 'Microsoft.TestPlatform.CommunicationUtilities', version: '18.0.1-release-25569-105'
    path: 'Microsoft.TestPlatform.CommunicationUtilities.dll'
. Please check the diagnostic logs for more information.
   at Microsoft.VisualStudio.TestPlatform.CrossPlatEngine.Client.ProxyOperationManager.ThrowOnTestHostExited(IEnumerable`1 sources, Boolean testHostExited) in /_/src/vstest/src/Microsoft.TestPlatform.CrossPlatEngine/Client/ProxyOperationManager.cs:line 524
   at Microsoft.VisualStudio.TestPlatform.CrossPlatEngine.Client.ProxyOperationManager.SetupChannel(IEnumerable`1 sources, String runSettings) in /_/src/vstest/src/Microsoft.TestPlatform.CrossPlatEngine/Client/ProxyOperationManager.cs:line 293
   at Microsoft.VisualStudio.TestPlatform.CrossPlatEngine.Client.ProxyExecutionManager.InitializeTestRun(TestRunCriteria testRunCriteria, IInternalTestRunEventsHandler eventHandler) in /_/src/vstest/src/Microsoft.TestPlatform.CrossPlatEngine/Client/ProxyExecutionManager.cs:line 184
TpTrace Verbose: 0 : 17060, 5, 2025/12/24, 17:58:39.390, 11355033324555, vstest.console.dll, TestRunRequest:SendTestRunMessage: Starting.
TpTrace Verbose: 0 : 17060, 5, 2025/12/24, 17:58:39.390, 11355033327924, vstest.console.dll, MulticastDelegateUtilities.SafeInvoke: TestRun.LogMessages: Invoking callback 1/1 for Microsoft.VisualStudio.TestPlatform.CommandLine.TestRunResultAggregator., took 0 ms.
TpTrace Information: 0 : 17060, 5, 2025/12/24, 17:58:39.390, 11355033328780, vstest.console.dll, TestRunRequest:SendTestRunMessage: Completed.
TpTrace Verbose: 0 : 17060, 4, 2025/12/24, 17:58:39.390, 11355033329790, vstest.console.dll, MulticastDelegateUtilities.SafeInvoke: InternalTestLoggerEvents.SendTestRunMessage: Invoking callback 1/2 for Microsoft.VisualStudio.TestPlatform.CommandLine.Internal.ConsoleLogger., took 0 ms.
TpTrace Verbose: 0 : 17060, 4, 2025/12/24, 17:58:39.390, 11355033332267, vstest.console.dll, MulticastDelegateUtilities.SafeInvoke: InternalTestLoggerEvents.SendTestRunMessage: Invoking callback 2/2 for Microsoft.VisualStudio.TestPlatform.CommandLine.Internal.MSBuildLogger., took 0 ms.
TpTrace Verbose: 0 : 17060, 5, 2025/12/24, 17:58:39.403, 11355033457330, vstest.console.dll, TestRequestSender.EndSession: Sending end session.
TpTrace Verbose: 0 : 17060, 5, 2025/12/24, 17:58:39.403, 11355033458851, vstest.console.dll, ProxyOperationManager.Close: waiting for test host to exit for 100 ms
TpTrace Information: 0 : 17060, 5, 2025/12/24, 17:58:39.403, 11355033459579, vstest.console.dll, SocketServer.Stop: Stop server endPoint: 127.0.0.1:61510
TpTrace Information: 0 : 17060, 5, 2025/12/24, 17:58:39.403, 11355033459838, vstest.console.dll, SocketServer.Stop: Cancellation requested. Stopping message loop.
TpTrace Information: 0 : 17060, 5, 2025/12/24, 17:58:39.403, 11355033460264, vstest.console.dll, Closing the connection
TpTrace Verbose: 0 : 17060, 5, 2025/12/24, 17:58:39.403, 11355033462665, vstest.console.dll, ParallelRunEventsHandler.HandleTestRunComplete: Handling a run completion, this can be either one part of parallel run completing, or the whole parallel run completing.
TpTrace Verbose: 0 : 17060, 5, 2025/12/24, 17:58:39.404, 11355033465777, vstest.console.dll, ParallelProxyExecutionManager: HandlePartialRunComplete: Total workloads = 1, Total started clients = 1 Total completed clients = 1, Run complete = True, Run canceled: False.
TpTrace Verbose: 0 : 17060, 5, 2025/12/24, 17:58:39.404, 11355033466752, vstest.console.dll, ParallelProxyExecutionManager: HandlePartialRunComplete: All runs completed stopping all managers.
TpTrace Verbose: 0 : 17060, 5, 2025/12/24, 17:58:39.404, 11355033468091, vstest.console.dll, ParallelOperationManager.StopAllManagers: Stopping all managers.
TpTrace Verbose: 0 : 17060, 5, 2025/12/24, 17:58:39.404, 11355033468599, vstest.console.dll, ParallelOperationManager.ClearSlots: Clearing all slots. Slots should accept more work: False
TpTrace Verbose: 0 : 17060, 5, 2025/12/24, 17:58:39.404, 11355033469017, vstest.console.dll, ParallelOperationManager.SetOccupiedSlotCount: Setting slot counts AvailableSlotCount = 1, OccupiedSlotCount = 0.
TpTrace Verbose: 0 : 17060, 5, 2025/12/24, 17:58:39.404, 11355033469352, vstest.console.dll, Occupied slots:

TpTrace Verbose: 0 : 17060, 5, 2025/12/24, 17:58:39.404, 11355033469598, vstest.console.dll, ParallelRunEventsHandler.HandleTestRunComplete: Whole parallel run completed.
TpTrace Verbose: 0 : 17060, 4, 2025/12/24, 17:58:39.433, 11355033761411, vstest.console.dll, MulticastDelegateUtilities.SafeInvoke: InternalTestLoggerEvents.SendTestRunComplete: Invoking callback 1/2 for Microsoft.VisualStudio.TestPlatform.CommandLine.Internal.ConsoleLogger., took 3 ms.
TpTrace Verbose: 0 : 17060, 4, 2025/12/24, 17:58:39.434, 11355033765106, vstest.console.dll, MulticastDelegateUtilities.SafeInvoke: InternalTestLoggerEvents.SendTestRunComplete: Invoking callback 2/2 for Microsoft.VisualStudio.TestPlatform.CommandLine.Internal.MSBuildLogger., took 0 ms.
TpTrace Verbose: 0 : 17060, 5, 2025/12/24, 17:58:39.434, 11355033767527, vstest.console.dll, TestRunRequest:TestRunComplete: Starting. IsAborted:True IsCanceled:False.
TpTrace Verbose: 0 : 17060, 5, 2025/12/24, 17:58:39.434, 11355033769216, vstest.console.dll, ParallelOperationManager.DoActionOnAllManagers: Calling an action on all managers.
TpTrace Verbose: 0 : 17060, 5, 2025/12/24, 17:58:39.435, 11355033775391, vstest.console.dll, TestLoggerManager.HandleTestRunComplete: Ignoring as the object is disposed.
TpTrace Verbose: 0 : 17060, 5, 2025/12/24, 17:58:39.435, 11355033776278, vstest.console.dll, MulticastDelegateUtilities.SafeInvoke: TestRun.TestRunComplete: Invoking callback 1/2 for Microsoft.VisualStudio.TestPlatform.CommandLine.TestRunResultAggregator., took 0 ms.
TpTrace Verbose: 0 : 17060, 5, 2025/12/24, 17:58:39.435, 11355033777224, vstest.console.dll, MulticastDelegateUtilities.SafeInvoke: TestRun.TestRunComplete: Invoking callback 2/2 for Microsoft.VisualStudio.TestPlatform.CommandLine.Processors.RunTestsArgumentExecutor+TestRunRequestEventsRegistrar., took 0 ms.
TpTrace Information: 0 : 17060, 5, 2025/12/24, 17:58:39.435, 11355033778166, vstest.console.dll, TestRunRequest:TestRunComplete: Completed.
TpTrace Verbose: 0 : 17060, 5, 2025/12/24, 17:58:39.435, 11355033778579, vstest.console.dll, ParallelProxyExecutionManager.StartTestRunOnConcurrentManager: Execution starting. Started clients: 1
TpTrace Verbose: 0 : 17060, 2, 2025/12/24, 17:58:39.435, 11355033778934, vstest.console.dll, TestRunRequest.Dispose: Starting.
TpTrace Information: 0 : 17060, 2, 2025/12/24, 17:58:39.435, 11355033780133, vstest.console.dll, TestRunRequest.Dispose: Completed.
TpTrace Verbose: 0 : 17060, 5, 2025/12/24, 17:58:39.435, 11355033779515, vstest.console.dll, ProxyExecutionManager: Test host is always Lazy initialize.
TpTrace Information: 0 : 17060, 2, 2025/12/24, 17:58:39.435, 11355033780626, vstest.console.dll, TestRequestManager.RunTests: run tests completed.
TpTrace Verbose: 0 : 17060, 5, 2025/12/24, 17:58:39.435, 11355033781826, vstest.console.dll, TestRequestSender.InitializeCommunication: initialize communication. 
TpTrace Information: 0 : 17060, 2, 2025/12/24, 17:58:39.435, 11355033782464, vstest.console.dll, RunTestsArgumentProcessor:Execute: Test run is completed.
TpTrace Verbose: 0 : 17060, 2, 2025/12/24, 17:58:39.436, 11355033786549, vstest.console.dll, Executor.Execute: Exiting with exit code of 1
TpTrace Information: 0 : 17060, 5, 2025/12/24, 17:58:39.436, 11355033787255, vstest.console.dll, SocketServer.Start: Listening on endpoint : 127.0.0.1:61511
