TpTrace Verbose: 0 : 23700, 2, 2025/12/24, 17:56:00.849, 11353447917580, vstest.console.dll, Version: 18.0.1-release-25569-105 Current process architecture: X64
TpTrace Verbose: 0 : 23700, 2, 2025/12/24, 17:56:00.851, 11353447942843, vstest.console.dll, Runtime location: C:\Program Files\dotnet\shared\Microsoft.NETCore.App\10.0.1
TpTrace Information: 0 : 23700, 2, 2025/12/24, 17:56:00.854, 11353447966755, vstest.console.dll, Using .Net Framework version:.NETCoreApp,Version=v8.0
TpTrace Verbose: 0 : 23700, 2, 2025/12/24, 17:56:00.854, 11353447968357, vstest.console.dll, ArtifactProcessingPostProcessModeProcessorExecutor.Initialize: ArtifactProcessingMode.Collect
TpTrace Verbose: 0 : 23700, 2, 2025/12/24, 17:56:00.854, 11353447971577, vstest.console.dll, TestSessionCorrelationIdProcessorModeProcessorExecutor.Initialize: TestSessionCorrelationId '29728_15cbcde8-adf0-4335-87a4-e518ae0f1396'
TpTrace Information: 0 : 23700, 2, 2025/12/24, 17:56:00.864, 11353448068799, vstest.console.dll, FilePatternParser: The given file C:\Users\Osama Al-Momani\OneDrive\Desktop\Galaxy-PP\Galaxy-Waves\src\ProductService.Tests\bin\Debug\net8.0\ProductService.Tests.dll is a full path.
TpTrace Verbose: 0 : 23700, 2, 2025/12/24, 17:56:00.869, 11353448116895, vstest.console.dll, TestPluginCache.DiscoverTestExtensions: finding test extensions in assemblies ends with: RuntimeProvider.dll TPluginInfo: Microsoft.VisualStudio.TestPlatform.Common.ExtensionFramework.Utilities.TestRuntimePluginInformation TExtension: Microsoft.VisualStudio.TestPlatform.ObjectModel.Host.ITestRuntimeProvider
TpTrace Verbose: 0 : 23700, 2, 2025/12/24, 17:56:00.869, 11353448119825, vstest.console.dll, TestPluginCache.GetExtensionPaths: Filtered extension paths: 
TpTrace Verbose: 0 : 23700, 2, 2025/12/24, 17:56:00.869, 11353448120378, vstest.console.dll, TestPluginCache.GetExtensionPaths: Added default extension paths: C:\Program Files\dotnet\sdk\10.0.101\Extensions\Microsoft.Diagnostics.NETCore.Client.dll
C:\Program Files\dotnet\sdk\10.0.101\Extensions\Microsoft.TestPlatform.Extensions.BlameDataCollector.dll
C:\Program Files\dotnet\sdk\10.0.101\Extensions\Microsoft.TestPlatform.Extensions.EventLogCollector.dll
C:\Program Files\dotnet\sdk\10.0.101\Extensions\Microsoft.TestPlatform.TestHostRuntimeProvider.dll
C:\Program Files\dotnet\sdk\10.0.101\Extensions\Microsoft.VisualStudio.TestPlatform.Extensions.Html.TestLogger.dll
C:\Program Files\dotnet\sdk\10.0.101\Extensions\Microsoft.VisualStudio.TestPlatform.Extensions.Trx.TestLogger.dll
TpTrace Verbose: 0 : 23700, 2, 2025/12/24, 17:56:00.869, 11353448120644, vstest.console.dll, TestPluginCache.GetExtensionPaths: Added unfilterableExtensionPaths: 
TpTrace Information: 0 : 23700, 2, 2025/12/24, 17:56:00.870, 11353448124471, vstest.console.dll, AssemblyResolver.ctor: Creating AssemblyResolver with searchDirectories C:\Program Files\dotnet\sdk\10.0.101\Extensions,C:\Program Files\dotnet\sdk\10.0.101
TpTrace Verbose: 0 : 23700, 2, 2025/12/24, 17:56:00.871, 11353448137176, vstest.console.dll, TestPluginCache.DiscoverTestExtensions: Discovering the extensions using extension path.
TpTrace Verbose: 0 : 23700, 2, 2025/12/24, 17:56:00.871, 11353448139096, vstest.console.dll, TestPluginCache.GetExtensionPaths: Filtered extension paths: 
TpTrace Verbose: 0 : 23700, 2, 2025/12/24, 17:56:00.871, 11353448139862, vstest.console.dll, TestPluginCache.GetExtensionPaths: Added default extension paths: C:\Program Files\dotnet\sdk\10.0.101\Extensions\Microsoft.Diagnostics.NETCore.Client.dll
C:\Program Files\dotnet\sdk\10.0.101\Extensions\Microsoft.TestPlatform.Extensions.BlameDataCollector.dll
C:\Program Files\dotnet\sdk\10.0.101\Extensions\Microsoft.TestPlatform.Extensions.EventLogCollector.dll
C:\Program Files\dotnet\sdk\10.0.101\Extensions\Microsoft.TestPlatform.TestHostRuntimeProvider.dll
C:\Program Files\dotnet\sdk\10.0.101\Extensions\Microsoft.VisualStudio.TestPlatform.Extensions.Html.TestLogger.dll
C:\Program Files\dotnet\sdk\10.0.101\Extensions\Microsoft.VisualStudio.TestPlatform.Extensions.Trx.TestLogger.dll
TpTrace Verbose: 0 : 23700, 2, 2025/12/24, 17:56:00.871, 11353448140130, vstest.console.dll, TestPluginCache.GetExtensionPaths: Added unfilterableExtensionPaths: 
TpTrace Verbose: 0 : 23700, 2, 2025/12/24, 17:56:00.871, 11353448141229, vstest.console.dll, TestPluginCache.DiscoverTestExtensions: Discovering the extensions using allExtensionPaths: C:\Program Files\dotnet\sdk\10.0.101\Extensions\Microsoft.Diagnostics.NETCore.Client.dll
C:\Program Files\dotnet\sdk\10.0.101\Extensions\Microsoft.TestPlatform.Extensions.BlameDataCollector.dll
C:\Program Files\dotnet\sdk\10.0.101\Extensions\Microsoft.TestPlatform.Extensions.EventLogCollector.dll
C:\Program Files\dotnet\sdk\10.0.101\Extensions\Microsoft.TestPlatform.TestHostRuntimeProvider.dll
C:\Program Files\dotnet\sdk\10.0.101\Extensions\Microsoft.VisualStudio.TestPlatform.Extensions.Html.TestLogger.dll
C:\Program Files\dotnet\sdk\10.0.101\Extensions\Microsoft.VisualStudio.TestPlatform.Extensions.Trx.TestLogger.dll
TpTrace Information: 0 : 23700, 2, 2025/12/24, 17:56:00.871, 11353448142025, vstest.console.dll, AssemblyResolver.AddSearchDirectories: Adding more searchDirectories C:\Program Files\dotnet\sdk\10.0.101\Extensions,C:\Program Files\dotnet\sdk\10.0.101
TpTrace Information: 0 : 23700, 2, 2025/12/24, 17:56:00.871, 11353448142298, vstest.console.dll, AssemblyResolver.AddSearchDirectories: Adding more searchDirectories C:\Program Files\dotnet\sdk\10.0.101\Extensions,C:\Program Files\dotnet\sdk\10.0.101
TpTrace Information: 0 : 23700, 2, 2025/12/24, 17:56:00.871, 11353448142453, vstest.console.dll, AssemblyResolver.AddSearchDirectories: Adding more searchDirectories C:\Program Files\dotnet\sdk\10.0.101\Extensions,C:\Program Files\dotnet\sdk\10.0.101
TpTrace Information: 0 : 23700, 2, 2025/12/24, 17:56:00.871, 11353448142638, vstest.console.dll, AssemblyResolver.AddSearchDirectories: Adding more searchDirectories C:\Program Files\dotnet\sdk\10.0.101\Extensions,C:\Program Files\dotnet\sdk\10.0.101
TpTrace Information: 0 : 23700, 2, 2025/12/24, 17:56:00.871, 11353448142783, vstest.console.dll, AssemblyResolver.AddSearchDirectories: Adding more searchDirectories C:\Program Files\dotnet\sdk\10.0.101\Extensions,C:\Program Files\dotnet\sdk\10.0.101
TpTrace Information: 0 : 23700, 2, 2025/12/24, 17:56:00.871, 11353448142925, vstest.console.dll, AssemblyResolver.AddSearchDirectories: Adding more searchDirectories C:\Program Files\dotnet\sdk\10.0.101\Extensions,C:\Program Files\dotnet\sdk\10.0.101
TpTrace Information: 0 : 23700, 2, 2025/12/24, 17:56:00.872, 11353448148420, vstest.console.dll, AssemblyResolver.OnResolve: Microsoft.Diagnostics.NETCore.Client: Resolving assembly.
TpTrace Information: 0 : 23700, 2, 2025/12/24, 17:56:00.872, 11353448149760, vstest.console.dll, AssemblyResolver.OnResolve: Microsoft.Diagnostics.NETCore.Client: Searching in: 'C:\Program Files\dotnet\sdk\10.0.101\Extensions'.
TpTrace Information: 0 : 23700, 2, 2025/12/24, 17:56:00.880, 11353448230472, vstest.console.dll, AssemblyResolver.OnResolve: Microsoft.Diagnostics.NETCore.Client: Loading assembly 'C:\Program Files\dotnet\sdk\10.0.101\Extensions\Microsoft.Diagnostics.NETCore.Client.dll'.
TpTrace Information: 0 : 23700, 2, 2025/12/24, 17:56:00.881, 11353448237979, vstest.console.dll, AssemblyResolver.OnResolve: Resolved assembly: Microsoft.Diagnostics.NETCore.Client, from path: C:\Program Files\dotnet\sdk\10.0.101\Extensions\Microsoft.Diagnostics.NETCore.Client.dll
TpTrace Verbose: 0 : 23700, 2, 2025/12/24, 17:56:00.882, 11353448246197, vstest.console.dll, MetadataReaderExtensionsHelper: Discovering extensions inside assembly 'Microsoft.Diagnostics.NETCore.Client, Version=0.2.13.7005, Culture=neutral, PublicKeyToken=31bf3856ad364e35' file path 'C:\Program Files\dotnet\sdk\10.0.101\Extensions\Microsoft.Diagnostics.NETCore.Client.dll'
TpTrace Information: 0 : 23700, 2, 2025/12/24, 17:56:00.883, 11353448261312, vstest.console.dll, AssemblyResolver.OnResolve: Microsoft.Bcl.AsyncInterfaces: Resolving assembly.
TpTrace Information: 0 : 23700, 2, 2025/12/24, 17:56:00.883, 11353448261995, vstest.console.dll, AssemblyResolver.OnResolve: Microsoft.Bcl.AsyncInterfaces: Searching in: 'C:\Program Files\dotnet\sdk\10.0.101\Extensions'.
TpTrace Information: 0 : 23700, 2, 2025/12/24, 17:56:00.883, 11353448263150, vstest.console.dll, AssemblyResolver.OnResolve: Microsoft.Bcl.AsyncInterfaces: Assembly path does not exist: 'C:\Program Files\dotnet\sdk\10.0.101\Extensions\Microsoft.Bcl.AsyncInterfaces.dll', returning.
TpTrace Information: 0 : 23700, 2, 2025/12/24, 17:56:00.884, 11353448263516, vstest.console.dll, AssemblyResolver.OnResolve: Microsoft.Bcl.AsyncInterfaces: Assembly path does not exist: 'C:\Program Files\dotnet\sdk\10.0.101\Extensions\Microsoft.Bcl.AsyncInterfaces.exe', returning.
TpTrace Information: 0 : 23700, 2, 2025/12/24, 17:56:00.884, 11353448263720, vstest.console.dll, AssemblyResolver.OnResolve: Microsoft.Bcl.AsyncInterfaces: Searching in: 'C:\Program Files\dotnet\sdk\10.0.101'.
TpTrace Information: 0 : 23700, 2, 2025/12/24, 17:56:00.884, 11353448264078, vstest.console.dll, AssemblyResolver.OnResolve: Microsoft.Bcl.AsyncInterfaces: Assembly path does not exist: 'C:\Program Files\dotnet\sdk\10.0.101\Microsoft.Bcl.AsyncInterfaces.dll', returning.
TpTrace Information: 0 : 23700, 2, 2025/12/24, 17:56:00.884, 11353448264345, vstest.console.dll, AssemblyResolver.OnResolve: Microsoft.Bcl.AsyncInterfaces: Assembly path does not exist: 'C:\Program Files\dotnet\sdk\10.0.101\Microsoft.Bcl.AsyncInterfaces.exe', returning.
TpTrace Information: 0 : 23700, 2, 2025/12/24, 17:56:00.884, 11353448264488, vstest.console.dll, AssemblyResolver.OnResolve: Microsoft.Bcl.AsyncInterfaces: Failed to load assembly.
TpTrace Verbose: 0 : 23700, 2, 2025/12/24, 17:56:00.884, 11353448264715, vstest.console.dll, CurrentDomainAssemblyResolve: Resolving assembly 'Microsoft.Bcl.AsyncInterfaces'.
TpTrace Information: 0 : 23700, 2, 2025/12/24, 17:56:00.884, 11353448265123, vstest.console.dll, AssemblyResolver.OnResolve: Microsoft.Bcl.AsyncInterfaces: Resolving assembly.
TpTrace Information: 0 : 23700, 2, 2025/12/24, 17:56:00.884, 11353448265308, vstest.console.dll, AssemblyResolver.OnResolve: Microsoft.Bcl.AsyncInterfaces: Resolved from cache.
TpTrace Verbose: 0 : 23700, 2, 2025/12/24, 17:56:00.884, 11353448265450, vstest.console.dll, CurrentDomainAssemblyResolve: Resolving assembly 'Microsoft.Bcl.AsyncInterfaces'.
TpTrace Verbose: 0 : 23700, 2, 2025/12/24, 17:56:00.884, 11353448265634, vstest.console.dll, CurrentDomainAssemblyResolve: Failed to resolve assembly 'Microsoft.Bcl.AsyncInterfaces'.
TpTrace Verbose: 0 : 23700, 2, 2025/12/24, 17:56:00.884, 11353448271478, vstest.console.dll, CurrentDomainAssemblyResolve: Failed to resolve assembly 'Microsoft.Bcl.AsyncInterfaces'.
TpTrace Information: 0 : 23700, 2, 2025/12/24, 17:56:00.887, 11353448297875, vstest.console.dll, AssemblyResolver.OnResolve: Microsoft.Bcl.AsyncInterfaces: Resolving assembly.
TpTrace Information: 0 : 23700, 2, 2025/12/24, 17:56:00.887, 11353448298476, vstest.console.dll, AssemblyResolver.OnResolve: Microsoft.Bcl.AsyncInterfaces: Resolved from cache.
TpTrace Verbose: 0 : 23700, 2, 2025/12/24, 17:56:00.887, 11353448298670, vstest.console.dll, CurrentDomainAssemblyResolve: Resolving assembly 'Microsoft.Bcl.AsyncInterfaces'.
TpTrace Verbose: 0 : 23700, 2, 2025/12/24, 17:56:00.887, 11353448298873, vstest.console.dll, CurrentDomainAssemblyResolve: Failed to resolve assembly 'Microsoft.Bcl.AsyncInterfaces'.
TpTrace Information: 0 : 23700, 2, 2025/12/24, 17:56:00.889, 11353448322175, vstest.console.dll, AssemblyResolver.OnResolve: Microsoft.Bcl.AsyncInterfaces: Resolving assembly.
TpTrace Information: 0 : 23700, 2, 2025/12/24, 17:56:00.889, 11353448323100, vstest.console.dll, AssemblyResolver.OnResolve: Microsoft.Bcl.AsyncInterfaces: Resolved from cache.
TpTrace Verbose: 0 : 23700, 2, 2025/12/24, 17:56:00.890, 11353448323313, vstest.console.dll, CurrentDomainAssemblyResolve: Resolving assembly 'Microsoft.Bcl.AsyncInterfaces'.
TpTrace Verbose: 0 : 23700, 2, 2025/12/24, 17:56:00.890, 11353448323469, vstest.console.dll, CurrentDomainAssemblyResolve: Failed to resolve assembly 'Microsoft.Bcl.AsyncInterfaces'.
TpTrace Warning: 0 : 23700, 2, 2025/12/24, 17:56:00.899, 11353448415960, vstest.console.dll, TestPluginDiscoverer: Failed to get types from assembly 'Microsoft.Diagnostics.NETCore.Client, Version=0.2.13.7005, Culture=neutral, PublicKeyToken=31bf3856ad364e35'. Error: System.Reflection.ReflectionTypeLoadException: Unable to load one or more of the requested types.
Could not load file or assembly 'Microsoft.Bcl.AsyncInterfaces, Version=9.0.0.8, Culture=neutral, PublicKeyToken=cc7b13ffcd2ddd51'. The system cannot find the file specified.
Could not load file or assembly 'Microsoft.Bcl.AsyncInterfaces, Version=9.0.0.8, Culture=neutral, PublicKeyToken=cc7b13ffcd2ddd51'. The system cannot find the file specified.
Could not load file or assembly 'Microsoft.Bcl.AsyncInterfaces, Version=9.0.0.8, Culture=neutral, PublicKeyToken=cc7b13ffcd2ddd51'. The system cannot find the file specified.
   at System.Reflection.RuntimeModule.GetDefinedTypes()
   at System.Reflection.RuntimeModule.GetTypes()
   at Microsoft.VisualStudio.TestPlatform.Common.ExtensionFramework.TestPluginDiscoverer.GetTestExtensionsFromAssembly[TPluginInfo,TExtension](Assembly assembly, Dictionary`2 pluginInfos, String filePath) in /_/src/vstest/src/Microsoft.TestPlatform.Common/ExtensionFramework/TestPluginDiscoverer.cs:line 159
System.IO.FileNotFoundException: Could not load file or assembly 'Microsoft.Bcl.AsyncInterfaces, Version=9.0.0.8, Culture=neutral, PublicKeyToken=cc7b13ffcd2ddd51'. The system cannot find the file specified.
File name: 'Microsoft.Bcl.AsyncInterfaces, Version=9.0.0.8, Culture=neutral, PublicKeyToken=cc7b13ffcd2ddd51'
 ---> System.IO.FileNotFoundException: Could not load file or assembly 'Microsoft.Bcl.AsyncInterfaces, Culture=neutral, PublicKeyToken=null'. The system cannot find the file specified.
File name: 'Microsoft.Bcl.AsyncInterfaces, Culture=neutral, PublicKeyToken=null'
   at System.Reflection.RuntimeAssembly.InternalLoad(AssemblyName assemblyName, StackCrawlMark& stackMark, AssemblyLoadContext assemblyLoadContext, RuntimeAssembly requestingAssembly, Boolean throwOnFileNotFound)
   at System.Reflection.Assembly.Load(AssemblyName assemblyRef)
   at Microsoft.VisualStudio.TestPlatform.Common.ExtensionFramework.TestPluginCache.CurrentDomainAssemblyResolve(Object sender, AssemblyResolveEventArgs args) in /_/src/vstest/src/Microsoft.TestPlatform.Common/ExtensionFramework/TestPluginCache.cs:line 514
   at System.Runtime.Loader.AssemblyLoadContext.GetFirstResolvedAssemblyFromResolvingEvent(AssemblyName assemblyName)
   at System.Runtime.Loader.AssemblyLoadContext.ResolveUsingEvent(AssemblyName assemblyName)
System.IO.FileNotFoundException: Could not load file or assembly 'Microsoft.Bcl.AsyncInterfaces, Version=9.0.0.8, Culture=neutral, PublicKeyToken=cc7b13ffcd2ddd51'. The system cannot find the file specified.
File name: 'Microsoft.Bcl.AsyncInterfaces, Version=9.0.0.8, Culture=neutral, PublicKeyToken=cc7b13ffcd2ddd51'
System.IO.FileNotFoundException: Could not load file or assembly 'Microsoft.Bcl.AsyncInterfaces, Version=9.0.0.8, Culture=neutral, PublicKeyToken=cc7b13ffcd2ddd51'. The system cannot find the file specified.
File name: 'Microsoft.Bcl.AsyncInterfaces, Version=9.0.0.8, Culture=neutral, PublicKeyToken=cc7b13ffcd2ddd51'
TpTrace Warning: 0 : 23700, 2, 2025/12/24, 17:56:00.899, 11353448418543, vstest.console.dll, LoaderExceptions: System.IO.FileNotFoundException: Could not load file or assembly 'Microsoft.Bcl.AsyncInterfaces, Version=9.0.0.8, Culture=neutral, PublicKeyToken=cc7b13ffcd2ddd51'. The system cannot find the file specified.
File name: 'Microsoft.Bcl.AsyncInterfaces, Version=9.0.0.8, Culture=neutral, PublicKeyToken=cc7b13ffcd2ddd51'
 ---> System.IO.FileNotFoundException: Could not load file or assembly 'Microsoft.Bcl.AsyncInterfaces, Culture=neutral, PublicKeyToken=null'. The system cannot find the file specified.
File name: 'Microsoft.Bcl.AsyncInterfaces, Culture=neutral, PublicKeyToken=null'
   at System.Reflection.RuntimeAssembly.InternalLoad(AssemblyName assemblyName, StackCrawlMark& stackMark, AssemblyLoadContext assemblyLoadContext, RuntimeAssembly requestingAssembly, Boolean throwOnFileNotFound)
   at System.Reflection.Assembly.Load(AssemblyName assemblyRef)
   at Microsoft.VisualStudio.TestPlatform.Common.ExtensionFramework.TestPluginCache.CurrentDomainAssemblyResolve(Object sender, AssemblyResolveEventArgs args) in /_/src/vstest/src/Microsoft.TestPlatform.Common/ExtensionFramework/TestPluginCache.cs:line 514
   at System.Runtime.Loader.AssemblyLoadContext.GetFirstResolvedAssemblyFromResolvingEvent(AssemblyName assemblyName)
   at System.Runtime.Loader.AssemblyLoadContext.ResolveUsingEvent(AssemblyName assemblyName)
TpTrace Warning: 0 : 23700, 2, 2025/12/24, 17:56:00.899, 11353448419440, vstest.console.dll, LoaderExceptions: System.IO.FileNotFoundException: Could not load file or assembly 'Microsoft.Bcl.AsyncInterfaces, Version=9.0.0.8, Culture=neutral, PublicKeyToken=cc7b13ffcd2ddd51'. The system cannot find the file specified.
File name: 'Microsoft.Bcl.AsyncInterfaces, Version=9.0.0.8, Culture=neutral, PublicKeyToken=cc7b13ffcd2ddd51'
TpTrace Warning: 0 : 23700, 2, 2025/12/24, 17:56:00.899, 11353448419678, vstest.console.dll, LoaderExceptions: System.IO.FileNotFoundException: Could not load file or assembly 'Microsoft.Bcl.AsyncInterfaces, Version=9.0.0.8, Culture=neutral, PublicKeyToken=cc7b13ffcd2ddd51'. The system cannot find the file specified.
File name: 'Microsoft.Bcl.AsyncInterfaces, Version=9.0.0.8, Culture=neutral, PublicKeyToken=cc7b13ffcd2ddd51'
TpTrace Information: 0 : 23700, 2, 2025/12/24, 17:56:00.899, 11353448420491, vstest.console.dll, AssemblyResolver.OnResolve: Microsoft.TestPlatform.Extensions.BlameDataCollector: Resolving assembly.
TpTrace Information: 0 : 23700, 2, 2025/12/24, 17:56:00.899, 11353448420759, vstest.console.dll, AssemblyResolver.OnResolve: Microsoft.TestPlatform.Extensions.BlameDataCollector: Searching in: 'C:\Program Files\dotnet\sdk\10.0.101\Extensions'.
TpTrace Information: 0 : 23700, 2, 2025/12/24, 17:56:00.900, 11353448425977, vstest.console.dll, AssemblyResolver.OnResolve: Microsoft.TestPlatform.Extensions.BlameDataCollector: Loading assembly 'C:\Program Files\dotnet\sdk\10.0.101\Extensions\Microsoft.TestPlatform.Extensions.BlameDataCollector.dll'.
TpTrace Information: 0 : 23700, 2, 2025/12/24, 17:56:00.900, 11353448431573, vstest.console.dll, AssemblyResolver.OnResolve: Resolved assembly: Microsoft.TestPlatform.Extensions.BlameDataCollector, from path: C:\Program Files\dotnet\sdk\10.0.101\Extensions\Microsoft.TestPlatform.Extensions.BlameDataCollector.dll
TpTrace Verbose: 0 : 23700, 2, 2025/12/24, 17:56:00.900, 11353448432372, vstest.console.dll, MetadataReaderExtensionsHelper: Discovering extensions inside assembly 'Microsoft.TestPlatform.Extensions.BlameDataCollector, Version=15.0.0.0, Culture=neutral, PublicKeyToken=b03f5f7f11d50a3a' file path 'C:\Program Files\dotnet\sdk\10.0.101\Extensions\Microsoft.TestPlatform.Extensions.BlameDataCollector.dll'
TpTrace Information: 0 : 23700, 2, 2025/12/24, 17:56:00.902, 11353448443901, vstest.console.dll, AssemblyResolver.OnResolve: Microsoft.TestPlatform.Extensions.EventLogCollector: Resolving assembly.
TpTrace Information: 0 : 23700, 2, 2025/12/24, 17:56:00.902, 11353448444475, vstest.console.dll, AssemblyResolver.OnResolve: Microsoft.TestPlatform.Extensions.EventLogCollector: Searching in: 'C:\Program Files\dotnet\sdk\10.0.101\Extensions'.
TpTrace Information: 0 : 23700, 2, 2025/12/24, 17:56:00.902, 11353448448653, vstest.console.dll, AssemblyResolver.OnResolve: Microsoft.TestPlatform.Extensions.EventLogCollector: Loading assembly 'C:\Program Files\dotnet\sdk\10.0.101\Extensions\Microsoft.TestPlatform.Extensions.EventLogCollector.dll'.
TpTrace Information: 0 : 23700, 2, 2025/12/24, 17:56:00.902, 11353448453130, vstest.console.dll, AssemblyResolver.OnResolve: Resolved assembly: Microsoft.TestPlatform.Extensions.EventLogCollector, from path: C:\Program Files\dotnet\sdk\10.0.101\Extensions\Microsoft.TestPlatform.Extensions.EventLogCollector.dll
TpTrace Verbose: 0 : 23700, 2, 2025/12/24, 17:56:00.903, 11353448453737, vstest.console.dll, MetadataReaderExtensionsHelper: Discovering extensions inside assembly 'Microsoft.TestPlatform.Extensions.EventLogCollector, Version=15.0.0.0, Culture=neutral, PublicKeyToken=b03f5f7f11d50a3a' file path 'C:\Program Files\dotnet\sdk\10.0.101\Extensions\Microsoft.TestPlatform.Extensions.EventLogCollector.dll'
TpTrace Information: 0 : 23700, 2, 2025/12/24, 17:56:00.905, 11353448479971, vstest.console.dll, AssemblyResolver.OnResolve: Microsoft.TestPlatform.TestHostRuntimeProvider: Resolving assembly.
TpTrace Information: 0 : 23700, 2, 2025/12/24, 17:56:00.905, 11353448481218, vstest.console.dll, AssemblyResolver.OnResolve: Microsoft.TestPlatform.TestHostRuntimeProvider: Searching in: 'C:\Program Files\dotnet\sdk\10.0.101\Extensions'.
TpTrace Information: 0 : 23700, 2, 2025/12/24, 17:56:00.906, 11353448486263, vstest.console.dll, AssemblyResolver.OnResolve: Microsoft.TestPlatform.TestHostRuntimeProvider: Loading assembly 'C:\Program Files\dotnet\sdk\10.0.101\Extensions\Microsoft.TestPlatform.TestHostRuntimeProvider.dll'.
TpTrace Information: 0 : 23700, 2, 2025/12/24, 17:56:00.906, 11353448492361, vstest.console.dll, AssemblyResolver.OnResolve: Resolved assembly: Microsoft.TestPlatform.TestHostRuntimeProvider, from path: C:\Program Files\dotnet\sdk\10.0.101\Extensions\Microsoft.TestPlatform.TestHostRuntimeProvider.dll
TpTrace Verbose: 0 : 23700, 2, 2025/12/24, 17:56:00.906, 11353448493154, vstest.console.dll, MetadataReaderExtensionsHelper: Discovering extensions inside assembly 'Microsoft.TestPlatform.TestHostRuntimeProvider, Version=15.0.0.0, Culture=neutral, PublicKeyToken=b03f5f7f11d50a3a' file path 'C:\Program Files\dotnet\sdk\10.0.101\Extensions\Microsoft.TestPlatform.TestHostRuntimeProvider.dll'
TpTrace Information: 0 : 23700, 2, 2025/12/24, 17:56:00.908, 11353448507195, vstest.console.dll, GetTestExtensionFromType: Register extension with identifier data 'HostProvider://DefaultTestHost' and type 'Microsoft.VisualStudio.TestPlatform.CrossPlatEngine.Hosting.DefaultTestHostManager, Microsoft.TestPlatform.TestHostRuntimeProvider, Version=15.0.0.0, Culture=neutral, PublicKeyToken=b03f5f7f11d50a3a' inside file 'C:\Program Files\dotnet\sdk\10.0.101\Extensions\Microsoft.TestPlatform.TestHostRuntimeProvider.dll'
TpTrace Information: 0 : 23700, 2, 2025/12/24, 17:56:00.908, 11353448509757, vstest.console.dll, GetTestExtensionFromType: Register extension with identifier data 'HostProvider://DotnetTestHost' and type 'Microsoft.VisualStudio.TestPlatform.CrossPlatEngine.Hosting.DotnetTestHostManager, Microsoft.TestPlatform.TestHostRuntimeProvider, Version=15.0.0.0, Culture=neutral, PublicKeyToken=b03f5f7f11d50a3a' inside file 'C:\Program Files\dotnet\sdk\10.0.101\Extensions\Microsoft.TestPlatform.TestHostRuntimeProvider.dll'
TpTrace Information: 0 : 23700, 2, 2025/12/24, 17:56:00.908, 11353448510410, vstest.console.dll, AssemblyResolver.OnResolve: Microsoft.VisualStudio.TestPlatform.Extensions.Html.TestLogger: Resolving assembly.
TpTrace Information: 0 : 23700, 2, 2025/12/24, 17:56:00.908, 11353448510693, vstest.console.dll, AssemblyResolver.OnResolve: Microsoft.VisualStudio.TestPlatform.Extensions.Html.TestLogger: Searching in: 'C:\Program Files\dotnet\sdk\10.0.101\Extensions'.
TpTrace Information: 0 : 23700, 2, 2025/12/24, 17:56:00.909, 11353448514951, vstest.console.dll, AssemblyResolver.OnResolve: Microsoft.VisualStudio.TestPlatform.Extensions.Html.TestLogger: Loading assembly 'C:\Program Files\dotnet\sdk\10.0.101\Extensions\Microsoft.VisualStudio.TestPlatform.Extensions.Html.TestLogger.dll'.
TpTrace Information: 0 : 23700, 2, 2025/12/24, 17:56:00.909, 11353448519656, vstest.console.dll, AssemblyResolver.OnResolve: Resolved assembly: Microsoft.VisualStudio.TestPlatform.Extensions.Html.TestLogger, from path: C:\Program Files\dotnet\sdk\10.0.101\Extensions\Microsoft.VisualStudio.TestPlatform.Extensions.Html.TestLogger.dll
TpTrace Verbose: 0 : 23700, 2, 2025/12/24, 17:56:00.909, 11353448520289, vstest.console.dll, MetadataReaderExtensionsHelper: Discovering extensions inside assembly 'Microsoft.VisualStudio.TestPlatform.Extensions.Html.TestLogger, Version=15.0.0.0, Culture=neutral, PublicKeyToken=b03f5f7f11d50a3a' file path 'C:\Program Files\dotnet\sdk\10.0.101\Extensions\Microsoft.VisualStudio.TestPlatform.Extensions.Html.TestLogger.dll'
TpTrace Information: 0 : 23700, 2, 2025/12/24, 17:56:00.910, 11353448528179, vstest.console.dll, AssemblyResolver.OnResolve: Microsoft.VisualStudio.TestPlatform.Extensions.Trx.TestLogger: Resolving assembly.
TpTrace Information: 0 : 23700, 2, 2025/12/24, 17:56:00.910, 11353448528737, vstest.console.dll, AssemblyResolver.OnResolve: Microsoft.VisualStudio.TestPlatform.Extensions.Trx.TestLogger: Searching in: 'C:\Program Files\dotnet\sdk\10.0.101\Extensions'.
TpTrace Information: 0 : 23700, 2, 2025/12/24, 17:56:00.910, 11353448532908, vstest.console.dll, AssemblyResolver.OnResolve: Microsoft.VisualStudio.TestPlatform.Extensions.Trx.TestLogger: Loading assembly 'C:\Program Files\dotnet\sdk\10.0.101\Extensions\Microsoft.VisualStudio.TestPlatform.Extensions.Trx.TestLogger.dll'.
TpTrace Information: 0 : 23700, 2, 2025/12/24, 17:56:00.911, 11353448537686, vstest.console.dll, AssemblyResolver.OnResolve: Resolved assembly: Microsoft.VisualStudio.TestPlatform.Extensions.Trx.TestLogger, from path: C:\Program Files\dotnet\sdk\10.0.101\Extensions\Microsoft.VisualStudio.TestPlatform.Extensions.Trx.TestLogger.dll
TpTrace Verbose: 0 : 23700, 2, 2025/12/24, 17:56:00.911, 11353448538291, vstest.console.dll, MetadataReaderExtensionsHelper: Discovering extensions inside assembly 'Microsoft.VisualStudio.TestPlatform.Extensions.Trx.TestLogger, Version=15.0.0.0, Culture=neutral, PublicKeyToken=b03f5f7f11d50a3a' file path 'C:\Program Files\dotnet\sdk\10.0.101\Extensions\Microsoft.VisualStudio.TestPlatform.Extensions.Trx.TestLogger.dll'
TpTrace Verbose: 0 : 23700, 2, 2025/12/24, 17:56:00.912, 11353448547610, vstest.console.dll, TestPluginCache: Discovered the extensions using extension path ''.
TpTrace Verbose: 0 : 23700, 2, 2025/12/24, 17:56:00.912, 11353448548206, vstest.console.dll, TestPluginCache: Discoverers are ''.
TpTrace Verbose: 0 : 23700, 2, 2025/12/24, 17:56:00.912, 11353448548387, vstest.console.dll, TestPluginCache: Executors are ''.
TpTrace Verbose: 0 : 23700, 2, 2025/12/24, 17:56:00.912, 11353448548529, vstest.console.dll, TestPluginCache: Executors2 are ''.
TpTrace Verbose: 0 : 23700, 2, 2025/12/24, 17:56:00.912, 11353448548662, vstest.console.dll, TestPluginCache: Setting providers are ''.
TpTrace Verbose: 0 : 23700, 2, 2025/12/24, 17:56:00.912, 11353448548798, vstest.console.dll, TestPluginCache: Loggers are ''.
TpTrace Verbose: 0 : 23700, 2, 2025/12/24, 17:56:00.912, 11353448550172, vstest.console.dll, TestPluginCache: TestHosts are 'HostProvider://DefaultTestHost,HostProvider://DotnetTestHost'.
TpTrace Verbose: 0 : 23700, 2, 2025/12/24, 17:56:00.912, 11353448550430, vstest.console.dll, TestPluginCache: DataCollectors are ''.
TpTrace Information: 0 : 23700, 2, 2025/12/24, 17:56:00.923, 11353448659826, vstest.console.dll, RunTestsArgumentProcessor:Execute: Test run is starting.
TpTrace Verbose: 0 : 23700, 2, 2025/12/24, 17:56:00.923, 11353448660850, vstest.console.dll, RunTestsArgumentProcessor:Execute: Queuing Test run.
TpTrace Information: 0 : 23700, 2, 2025/12/24, 17:56:00.923, 11353448662900, vstest.console.dll, TestRequestManager.RunTests: run tests started.
TpTrace Information: 0 : 23700, 2, 2025/12/24, 17:56:00.925, 11353448675563, vstest.console.dll, AssemblyMetadataProvider.GetFrameworkName: Determined framework:'.NETCoreApp,Version=v8.0' for source: 'C:\Users\Osama Al-Momani\OneDrive\Desktop\Galaxy-PP\Galaxy-Waves\src\ProductService.Tests\bin\Debug\net8.0\ProductService.Tests.dll'
TpTrace Information: 0 : 23700, 2, 2025/12/24, 17:56:00.925, 11353448676831, vstest.console.dll, Determined framework for all sources: .NETCoreApp,Version=v8.0
TpTrace Verbose: 0 : 23700, 2, 2025/12/24, 17:56:00.926, 11353448688856, vstest.console.dll, TestRequestManager.UpdateRunSettingsIfRequired: Default architecture: X64 IsDefaultTargetArchitecture: True, Current process architecture: X64 OperatingSystem: Windows.
TpTrace Information: 0 : 23700, 2, 2025/12/24, 17:56:00.928, 11353448708350, vstest.console.dll, AssemblyMetadataProvider.GetArchitecture: Determined architecture:AnyCPU info for assembly: C:\Users\Osama Al-Momani\OneDrive\Desktop\Galaxy-PP\Galaxy-Waves\src\ProductService.Tests\bin\Debug\net8.0\ProductService.Tests.dll
TpTrace Information: 0 : 23700, 2, 2025/12/24, 17:56:00.928, 11353448709052, vstest.console.dll, Determined platform for source 'C:\Users\Osama Al-Momani\OneDrive\Desktop\Galaxy-PP\Galaxy-Waves\src\ProductService.Tests\bin\Debug\net8.0\ProductService.Tests.dll' was AnyCPU and it will use the default plaform X64.
TpTrace Information: 0 : 23700, 2, 2025/12/24, 17:56:00.928, 11353448709246, vstest.console.dll, None of the sources provided any runnable platform, using the default platform: X64
TpTrace Information: 0 : 23700, 2, 2025/12/24, 17:56:00.928, 11353448710374, vstest.console.dll, Platform was updated to 'X64'.
TpTrace Information: 0 : 23700, 2, 2025/12/24, 17:56:00.930, 11353448724765, vstest.console.dll, Compatible sources list: 
TpTrace Information: 0 : 23700, 2, 2025/12/24, 17:56:00.930, 11353448725594, vstest.console.dll, C:\Users\Osama Al-Momani\OneDrive\Desktop\Galaxy-PP\Galaxy-Waves\src\ProductService.Tests\bin\Debug\net8.0\ProductService.Tests.dll
TpTrace Information: 0 : 23700, 2, 2025/12/24, 17:56:00.932, 11353448746795, vstest.console.dll, InferRunSettingsHelper.IsTestSettingsEnabled: Unable to navigate to RunSettings/MSTest. Current node: RunSettings
TpTrace Information: 0 : 23700, 2, 2025/12/24, 17:56:00.932, 11353448751384, vstest.console.dll, AssemblyResolver.OnResolve: Microsoft.VisualStudio.TestPlatform.Fakes: Resolving assembly.
TpTrace Information: 0 : 23700, 2, 2025/12/24, 17:56:00.932, 11353448751888, vstest.console.dll, AssemblyResolver.OnResolve: Microsoft.VisualStudio.TestPlatform.Fakes: Searching in: 'C:\Program Files\dotnet\sdk\10.0.101\Extensions'.
TpTrace Information: 0 : 23700, 2, 2025/12/24, 17:56:00.932, 11353448752510, vstest.console.dll, AssemblyResolver.OnResolve: Microsoft.VisualStudio.TestPlatform.Fakes: Assembly path does not exist: 'C:\Program Files\dotnet\sdk\10.0.101\Extensions\Microsoft.VisualStudio.TestPlatform.Fakes.dll', returning.
TpTrace Information: 0 : 23700, 2, 2025/12/24, 17:56:00.932, 11353448752842, vstest.console.dll, AssemblyResolver.OnResolve: Microsoft.VisualStudio.TestPlatform.Fakes: Assembly path does not exist: 'C:\Program Files\dotnet\sdk\10.0.101\Extensions\Microsoft.VisualStudio.TestPlatform.Fakes.exe', returning.
TpTrace Information: 0 : 23700, 2, 2025/12/24, 17:56:00.932, 11353448753038, vstest.console.dll, AssemblyResolver.OnResolve: Microsoft.VisualStudio.TestPlatform.Fakes: Searching in: 'C:\Program Files\dotnet\sdk\10.0.101'.
TpTrace Information: 0 : 23700, 2, 2025/12/24, 17:56:00.933, 11353448753399, vstest.console.dll, AssemblyResolver.OnResolve: Microsoft.VisualStudio.TestPlatform.Fakes: Assembly path does not exist: 'C:\Program Files\dotnet\sdk\10.0.101\Microsoft.VisualStudio.TestPlatform.Fakes.dll', returning.
TpTrace Information: 0 : 23700, 2, 2025/12/24, 17:56:00.933, 11353448753688, vstest.console.dll, AssemblyResolver.OnResolve: Microsoft.VisualStudio.TestPlatform.Fakes: Assembly path does not exist: 'C:\Program Files\dotnet\sdk\10.0.101\Microsoft.VisualStudio.TestPlatform.Fakes.exe', returning.
TpTrace Information: 0 : 23700, 2, 2025/12/24, 17:56:00.933, 11353448753833, vstest.console.dll, AssemblyResolver.OnResolve: Microsoft.VisualStudio.TestPlatform.Fakes: Failed to load assembly.
TpTrace Information: 0 : 23700, 2, 2025/12/24, 17:56:00.933, 11353448755671, vstest.console.dll, Failed to load assembly Microsoft.VisualStudio.TestPlatform.Fakes, Version=18.0.0.0, Culture=neutral. Reason:System.IO.FileNotFoundException: Could not load file or assembly 'Microsoft.VisualStudio.TestPlatform.Fakes, Version=18.0.0.0, Culture=neutral, PublicKeyToken=null'. The system cannot find the file specified.
File name: 'Microsoft.VisualStudio.TestPlatform.Fakes, Version=18.0.0.0, Culture=neutral, PublicKeyToken=null'
   at System.Reflection.RuntimeAssembly.InternalLoad(AssemblyName assemblyName, StackCrawlMark& stackMark, AssemblyLoadContext assemblyLoadContext, RuntimeAssembly requestingAssembly, Boolean throwOnFileNotFound)
   at System.Reflection.Assembly.Load(AssemblyName assemblyRef)
   at Microsoft.VisualStudio.TestPlatform.Common.Utilities.FakesUtilities.LoadTestPlatformAssembly() in /_/src/vstest/src/Microsoft.TestPlatform.Common/Utilities/FakesUtilities.cs:line 200
TpTrace Verbose: 0 : 23700, 2, 2025/12/24, 17:56:00.944, 11353448863736, vstest.console.dll, TestEngine: Initializing Parallel Execution as MaxCpuCount is set to: 1
TpTrace Information: 0 : 23700, 2, 2025/12/24, 17:56:00.945, 11353448874258, vstest.console.dll, TestPluginManager.CreateTestExtension: Attempting to load test extension: Microsoft.VisualStudio.TestPlatform.CrossPlatEngine.Hosting.DefaultTestHostManager
TpTrace Information: 0 : 23700, 2, 2025/12/24, 17:56:00.946, 11353448893070, vstest.console.dll, TestPluginManager.CreateTestExtension: Attempting to load test extension: Microsoft.VisualStudio.TestPlatform.CrossPlatEngine.Hosting.DotnetTestHostManager
TpTrace Verbose: 0 : 23700, 2, 2025/12/24, 17:56:00.947, 11353448895183, vstest.console.dll, TestHostManagerCallbacks.ctor: Forwarding output is enabled.
TpTrace Information: 0 : 23700, 2, 2025/12/24, 17:56:00.947, 11353448898080, vstest.console.dll, InferRunSettingsHelper.IsTestSettingsEnabled: Unable to navigate to RunSettings/MSTest. Current node: RunSettings
TpTrace Verbose: 0 : 23700, 2, 2025/12/24, 17:56:00.947, 11353448902095, vstest.console.dll, ParallelOperationManager.ClearSlots: Clearing all slots. Slots should accept more work: True
TpTrace Verbose: 0 : 23700, 2, 2025/12/24, 17:56:00.949, 11353448915855, vstest.console.dll, ParallelOperationManager.SetOccupiedSlotCount: Setting slot counts AvailableSlotCount = 1, OccupiedSlotCount = 0.
TpTrace Verbose: 0 : 23700, 2, 2025/12/24, 17:56:00.949, 11353448919254, vstest.console.dll, Occupied slots:

TpTrace Verbose: 0 : 23700, 2, 2025/12/24, 17:56:00.952, 11353448952498, vstest.console.dll, TestEngine.GetExecutionManager: Chosen execution manager 'Microsoft.VisualStudio.TestPlatform.CrossPlatEngine.Client.Parallel.ParallelProxyExecutionManager, Microsoft.TestPlatform.CrossPlatEngine, Version=15.0.0.0, Culture=neutral, PublicKeyToken=b03f5f7f11d50a3a' ParallelLevel '1'.
TpTrace Verbose: 0 : 23700, 2, 2025/12/24, 17:56:00.953, 11353448954465, vstest.console.dll, TestPlatform.GetSkipDefaultAdapters: Not skipping default adapters SkipDefaultAdapters was false.
TpTrace Verbose: 0 : 23700, 2, 2025/12/24, 17:56:00.953, 11353448955274, vstest.console.dll, TestRunRequest.ExecuteAsync: Creating test run request.
TpTrace Verbose: 0 : 23700, 2, 2025/12/24, 17:56:00.953, 11353448957328, vstest.console.dll, TestRunRequest.ExecuteAsync: Starting.
TpTrace Information: 0 : 23700, 2, 2025/12/24, 17:56:00.954, 11353448969647, vstest.console.dll, TestRunRequest.ExecuteAsync: Starting run with settings:TestRunCriteria:
   KeepAlive=False,FrequencyOfRunStatsChangeEvent=10,RunStatsChangeEventTimeout=00:00:01.5000000,TestCaseFilter=,TestExecutorLauncher=
   Settingsxml=<RunSettings>
  <RunConfiguration>
    <ResultsDirectory>C:\Users\Osama Al-Momani\OneDrive\Desktop\Galaxy-PP\Galaxy-Waves\src\ProductService.Tests\TestResults</ResultsDirectory>
    <TargetPlatform>X64</TargetPlatform>
    <TargetFrameworkVersion>.NETCoreApp,Version=v8.0</TargetFrameworkVersion>
    <DesignMode>False</DesignMode>
    <CollectSourceInformation>False</CollectSourceInformation>
  </RunConfiguration>
  <LoggerRunSettings>
    <Loggers>
      <Logger friendlyName="console" assemblyQualifiedName="Microsoft.VisualStudio.TestPlatform.CommandLine.Internal.ConsoleLogger, vstest.console, Version=15.0.0.0, Culture=neutral, PublicKeyToken=b03f5f7f11d50a3a" codeBase="C:\Program Files\dotnet\sdk\10.0.101\vstest.console.dll" enabled="True">
        <Configuration>
          <verbosity>minimal</verbosity>
        </Configuration>
      </Logger>
      <Logger friendlyName="Microsoft.TestPlatform.MSBuildLogger" assemblyQualifiedName="Microsoft.VisualStudio.TestPlatform.CommandLine.Internal.MSBuildLogger, vstest.console, Version=15.0.0.0, Culture=neutral, PublicKeyToken=b03f5f7f11d50a3a" codeBase="C:\Program Files\dotnet\sdk\10.0.101\vstest.console.dll" enabled="True">
        <Configuration>
          <Verbosity>minimal</Verbosity>
        </Configuration>
      </Logger>
    </Loggers>
  </LoggerRunSettings>
</RunSettings>

TpTrace Verbose: 0 : 23700, 2, 2025/12/24, 17:56:00.954, 11353448970722, vstest.console.dll, TestRunRequest.ExecuteAsync: Wait for the first run request is over.
TpTrace Verbose: 0 : 23700, 2, 2025/12/24, 17:56:00.955, 11353448974526, vstest.console.dll, MulticastDelegateUtilities.SafeInvoke: TestRun.TestRunStart: Invoking callbacks was skipped because there are no subscribers.
TpTrace Verbose: 0 : 23700, 4, 2025/12/24, 17:56:00.955, 11353448978125, vstest.console.dll, MulticastDelegateUtilities.SafeInvoke: InternalTestLoggerEvents.SendTestRunStart: Invoking callback 1/1 for Microsoft.VisualStudio.TestPlatform.CommandLine.Internal.ConsoleLogger., took 0 ms.
TpTrace Verbose: 0 : 23700, 2, 2025/12/24, 17:56:00.956, 11353448990797, vstest.console.dll, ParallelProxyExecutionManager: Start execution. Total sources: 1
TpTrace Verbose: 0 : 23700, 2, 2025/12/24, 17:56:00.957, 11353448996316, vstest.console.dll, ParallelOperationManager.StartWork: Starting adding 1 workloads.
TpTrace Verbose: 0 : 23700, 2, 2025/12/24, 17:56:00.957, 11353448997501, vstest.console.dll, ParallelOperationManager.ClearSlots: Clearing all slots. Slots should accept more work: True
TpTrace Verbose: 0 : 23700, 2, 2025/12/24, 17:56:00.957, 11353448998640, vstest.console.dll, ParallelOperationManager.SetOccupiedSlotCount: Setting slot counts AvailableSlotCount = 1, OccupiedSlotCount = 0.
TpTrace Verbose: 0 : 23700, 2, 2025/12/24, 17:56:00.957, 11353448999176, vstest.console.dll, Occupied slots:

TpTrace Verbose: 0 : 23700, 2, 2025/12/24, 17:56:00.959, 11353449015919, vstest.console.dll, TestHostManagerCallbacks.ctor: Forwarding output is enabled.
TpTrace Verbose: 0 : 23700, 2, 2025/12/24, 17:56:00.959, 11353449018961, vstest.console.dll, TestRequestSender is acting as server.
TpTrace Verbose: 0 : 23700, 2, 2025/12/24, 17:56:00.959, 11353449022915, vstest.console.dll, ParallelOperationManager.RunWorkInParallel: Adding 1 workload to slot, remaining workloads 0.
TpTrace Verbose: 0 : 23700, 2, 2025/12/24, 17:56:00.960, 11353449023543, vstest.console.dll, ParallelOperationManager.SetOccupiedSlotCount: Setting slot counts AvailableSlotCount = 0, OccupiedSlotCount = 1.
TpTrace Verbose: 0 : 23700, 2, 2025/12/24, 17:56:00.960, 11353449024350, vstest.console.dll, Occupied slots:
0: C:\Users\Osama Al-Momani\OneDrive\Desktop\Galaxy-PP\Galaxy-Waves\src\ProductService.Tests\bin\Debug\net8.0\ProductService.Tests.dll
TpTrace Verbose: 0 : 23700, 2, 2025/12/24, 17:56:00.961, 11353449035160, vstest.console.dll, ParallelOperationManager.RunWorkInParallel: Started host in slot number 0 for work (source): C:\Users\Osama Al-Momani\OneDrive\Desktop\Galaxy-PP\Galaxy-Waves\src\ProductService.Tests\bin\Debug\net8.0\ProductService.Tests.dll.
TpTrace Verbose: 0 : 23700, 2, 2025/12/24, 17:56:00.961, 11353449041604, vstest.console.dll, ParallelOperationManager.RunWorkInParallel: We started 1 work items, which is the max parallel level. Won't start more work.
TpTrace Verbose: 0 : 23700, 2, 2025/12/24, 17:56:00.961, 11353449042294, vstest.console.dll, ParallelOperationManager.RunWorkInParallel: We started 1 work items in here, returning True.
TpTrace Information: 0 : 23700, 2, 2025/12/24, 17:56:00.961, 11353449042528, vstest.console.dll, TestRunRequest.ExecuteAsync: Started.
TpTrace Verbose: 0 : 23700, 5, 2025/12/24, 17:56:00.962, 11353449045148, vstest.console.dll, ParallelProxyExecutionManager.StartTestRunOnConcurrentManager: Initializing uninitialized client. Started clients: 0
TpTrace Verbose: 0 : 23700, 5, 2025/12/24, 17:56:00.962, 11353449045762, vstest.console.dll, ParallelProxyExecutionManager.StartTestRunOnConcurrentManager: Initializing test run. Started clients: 0
TpTrace Verbose: 0 : 23700, 5, 2025/12/24, 17:56:00.962, 11353449046350, vstest.console.dll, ProxyExecutionManager: Test host is always Lazy initialize.
TpTrace Verbose: 0 : 23700, 2, 2025/12/24, 17:56:00.962, 11353449046750, vstest.console.dll, TestRunRequest.WaitForCompletion: Waiting with timeout -1.
TpTrace Verbose: 0 : 23700, 5, 2025/12/24, 17:56:00.962, 11353449048278, vstest.console.dll, TestRequestSender.InitializeCommunication: initialize communication. 
TpTrace Information: 0 : 23700, 5, 2025/12/24, 17:56:00.974, 11353449170568, vstest.console.dll, SocketServer.Start: Listening on endpoint : 127.0.0.1:51393
TpTrace Verbose: 0 : 23700, 5, 2025/12/24, 17:56:00.981, 11353449233713, vstest.console.dll, DotnetTestHostmanager.GetTestHostProcessStartInfo: Platform environment 'X64' target architecture 'X64' framework '.NETCoreApp,Version=v8.0' OS 'Windows'
TpTrace Verbose: 0 : 23700, 5, 2025/12/24, 17:56:00.981, 11353449234868, vstest.console.dll, DotnetTestHostmanager.LaunchTestHostAsync: VSTEST_DOTNET_ROOT_PATH=C:\Program Files\dotnet
TpTrace Verbose: 0 : 23700, 5, 2025/12/24, 17:56:00.981, 11353449235082, vstest.console.dll, DotnetTestHostmanager.LaunchTestHostAsync: VSTEST_DOTNET_ROOT_ARCHITECTURE=X64
TpTrace Verbose: 0 : 23700, 5, 2025/12/24, 17:56:00.981, 11353449235953, vstest.console.dll, DotnetTestHostManager.SetDotnetRootForArchitecture: Adding DOTNET_ROOT_X64=C:\Program Files\dotnet to testhost start info.
TpTrace Verbose: 0 : 23700, 5, 2025/12/24, 17:56:00.981, 11353449237646, vstest.console.dll, DotnetTestHostmanager: Adding  --runtimeconfig "C:\Users\Osama Al-Momani\OneDrive\Desktop\Galaxy-PP\Galaxy-Waves\src\ProductService.Tests\bin\Debug\net8.0\ProductService.Tests.runtimeconfig.json" in args
TpTrace Verbose: 0 : 23700, 5, 2025/12/24, 17:56:00.981, 11353449238465, vstest.console.dll, DotnetTestHostmanager: Adding  --depsfile "C:\Users\Osama Al-Momani\OneDrive\Desktop\Galaxy-PP\Galaxy-Waves\src\ProductService.Tests\bin\Debug\net8.0\ProductService.Tests.deps.json" in args
TpTrace Verbose: 0 : 23700, 5, 2025/12/24, 17:56:00.981, 11353449240397, vstest.console.dll, DotnetTestHostmanager.IsWinOnArm: Current PROCESSOR_ARCHITECTURE from environment variable 'AMD64'
TpTrace Verbose: 0 : 23700, 5, 2025/12/24, 17:56:00.981, 11353449240777, vstest.console.dll, DotnetTestHostmanager.IsWinOnArm: Is Windows on ARM 'False'
TpTrace Information: 0 : 23700, 5, 2025/12/24, 17:56:00.981, 11353449242110, vstest.console.dll, AssemblyResolver.OnResolve: Microsoft.Extensions.DependencyModel: Resolving assembly.
TpTrace Information: 0 : 23700, 5, 2025/12/24, 17:56:00.981, 11353449242370, vstest.console.dll, AssemblyResolver.OnResolve: Microsoft.Extensions.DependencyModel: Searching in: 'C:\Program Files\dotnet\sdk\10.0.101\Extensions'.
TpTrace Information: 0 : 23700, 5, 2025/12/24, 17:56:00.981, 11353449242770, vstest.console.dll, AssemblyResolver.OnResolve: Microsoft.Extensions.DependencyModel: Assembly path does not exist: 'C:\Program Files\dotnet\sdk\10.0.101\Extensions\Microsoft.Extensions.DependencyModel.dll', returning.
TpTrace Information: 0 : 23700, 5, 2025/12/24, 17:56:00.981, 11353449243048, vstest.console.dll, AssemblyResolver.OnResolve: Microsoft.Extensions.DependencyModel: Assembly path does not exist: 'C:\Program Files\dotnet\sdk\10.0.101\Extensions\Microsoft.Extensions.DependencyModel.exe', returning.
TpTrace Information: 0 : 23700, 5, 2025/12/24, 17:56:00.981, 11353449243224, vstest.console.dll, AssemblyResolver.OnResolve: Microsoft.Extensions.DependencyModel: Searching in: 'C:\Program Files\dotnet\sdk\10.0.101'.
TpTrace Information: 0 : 23700, 5, 2025/12/24, 17:56:00.982, 11353449247676, vstest.console.dll, AssemblyResolver.OnResolve: Microsoft.Extensions.DependencyModel: Loading assembly 'C:\Program Files\dotnet\sdk\10.0.101\Microsoft.Extensions.DependencyModel.dll'.
TpTrace Information: 0 : 23700, 5, 2025/12/24, 17:56:00.982, 11353449252624, vstest.console.dll, AssemblyResolver.OnResolve: Resolved assembly: Microsoft.Extensions.DependencyModel, from path: C:\Program Files\dotnet\sdk\10.0.101\Microsoft.Extensions.DependencyModel.dll
TpTrace Verbose: 0 : 23700, 5, 2025/12/24, 17:56:00.983, 11353449256717, vstest.console.dll, DotnetTestHostmanager: Runtimeconfig.dev.json C:\Users\Osama Al-Momani\OneDrive\Desktop\Galaxy-PP\Galaxy-Waves\src\ProductService.Tests\bin\Debug\net8.0\ProductService.Tests.runtimeconfig.dev.json does not exist.
TpTrace Verbose: 0 : 23700, 5, 2025/12/24, 17:56:00.983, 11353449257669, vstest.console.dll, DotnetTestHostmanager: Runtimeconfig.dev.json C:\Users\Osama Al-Momani\OneDrive\Desktop\Galaxy-PP\Galaxy-Waves\src\ProductService.Tests\bin\Debug\net8.0\ProductService.Tests.runtimeconfig.dev.json does not exist.
TpTrace Verbose: 0 : 23700, 5, 2025/12/24, 17:56:00.983, 11353449258492, vstest.console.dll, DotnetTestHostManager: Found testhost.dll next to runner executable: C:\Program Files\dotnet\sdk\10.0.101\testhost.dll.
TpTrace Verbose: 0 : 23700, 5, 2025/12/24, 17:56:00.983, 11353449258749, vstest.console.dll, DotnetTestHostmanager: Adding  --additional-deps "C:\Program Files\dotnet\sdk\10.0.101\testhost.deps.json" in args
TpTrace Verbose: 0 : 23700, 5, 2025/12/24, 17:56:00.983, 11353449258893, vstest.console.dll, DotnetTestHostmanager: Adding  --additionalprobingpath "C:\Program Files\dotnet\sdk\10.0.101" in args
TpTrace Verbose: 0 : 23700, 5, 2025/12/24, 17:56:00.983, 11353449259203, vstest.console.dll, DotnetTestHostmanager: Current process architetcure 'X64'
TpTrace Verbose: 0 : 23700, 5, 2025/12/24, 17:56:00.983, 11353449260469, vstest.console.dll, DotnetTestHostmanager.LaunchTestHostAsync: Compatible muxer architecture of running process 'X64' and target architecture 'X64'
TpTrace Verbose: 0 : 23700, 5, 2025/12/24, 17:56:00.983, 11353449260670, vstest.console.dll, DotnetTestHostmanager: Full path of testhost.dll is C:\Program Files\dotnet\sdk\10.0.101\testhost.dll
TpTrace Verbose: 0 : 23700, 5, 2025/12/24, 17:56:00.983, 11353449260832, vstest.console.dll, DotnetTestHostmanager: Full path of host exe is C:\Program Files\dotnet\dotnet.exe
TpTrace Verbose: 0 : 23700, 5, 2025/12/24, 17:56:00.984, 11353449268016, vstest.console.dll, DotnetTestHostManager: Starting process '0' with command line '1' and DOTNET environment: DOTNET_ROOT_X64=C:\Program Files\dotnet 
TpTrace Verbose: 0 : 23700, 5, 2025/12/24, 17:56:00.993, 11353449355334, vstest.console.dll, Test Runtime launched
TpTrace Verbose: 0 : 23700, 5, 2025/12/24, 17:56:00.993, 11353449356517, vstest.console.dll, MulticastDelegateUtilities.SafeInvoke: HostProviderEvents.OnHostLaunched: Invoking callback 1/1 for Microsoft.VisualStudio.TestPlatform.CrossPlatEngine.Client.ProxyOperationManager., took 0 ms.
TpTrace Verbose: 0 : 23700, 5, 2025/12/24, 17:56:00.993, 11353449358711, vstest.console.dll, TestRequestSender.WaitForRequestHandlerConnection: waiting for connection with timeout: 90000.
TpTrace Warning: 0 : 23700, 12, 2025/12/24, 17:56:01.019, 11353449614805, vstest.console.dll, TestHostManagerCallbacks.ErrorReceivedCallback Test host standard error line: Error:
TpTrace Verbose: 0 : 23700, 12, 2025/12/24, 17:56:01.019, 11353449616788, vstest.console.dll, MulticastDelegateUtilities.SafeInvoke: TestRunMessageLoggerProxy.SendMessage: Invoking callback 1/1 for Microsoft.VisualStudio.TestPlatform.Common.Logging.InternalTestLoggerEvents., took 0 ms.
TpTrace Warning: 0 : 23700, 12, 2025/12/24, 17:56:01.019, 11353449617367, vstest.console.dll, TestHostManagerCallbacks.ErrorReceivedCallback Test host standard error line:   An assembly specified in the application dependencies manifest (ProductService.Tests.deps.json) was not found:
TpTrace Verbose: 0 : 23700, 12, 2025/12/24, 17:56:01.019, 11353449619382, vstest.console.dll, MulticastDelegateUtilities.SafeInvoke: TestRunMessageLoggerProxy.SendMessage: Invoking callback 1/1 for Microsoft.VisualStudio.TestPlatform.Common.Logging.InternalTestLoggerEvents., took 0 ms.
TpTrace Verbose: 0 : 23700, 4, 2025/12/24, 17:56:01.019, 11353449619502, vstest.console.dll, MulticastDelegateUtilities.SafeInvoke: InternalTestLoggerEvents.SendMessage: Invoking callback 1/2 for Microsoft.VisualStudio.TestPlatform.CommandLine.Internal.ConsoleLogger., took 0 ms.
TpTrace Warning: 0 : 23700, 12, 2025/12/24, 17:56:01.019, 11353449620195, vstest.console.dll, TestHostManagerCallbacks.ErrorReceivedCallback Test host standard error line:     package: 'Mono.TextTemplating', version: '2.2.1'
TpTrace Verbose: 0 : 23700, 12, 2025/12/24, 17:56:01.019, 11353449621265, vstest.console.dll, MulticastDelegateUtilities.SafeInvoke: TestRunMessageLoggerProxy.SendMessage: Invoking callback 1/1 for Microsoft.VisualStudio.TestPlatform.Common.Logging.InternalTestLoggerEvents., took 0 ms.
TpTrace Verbose: 0 : 23700, 4, 2025/12/24, 17:56:01.019, 11353449622291, vstest.console.dll, MulticastDelegateUtilities.SafeInvoke: InternalTestLoggerEvents.SendMessage: Invoking callback 2/2 for Microsoft.VisualStudio.TestPlatform.CommandLine.Internal.MSBuildLogger., took 0 ms.
TpTrace Verbose: 0 : 23700, 13, 2025/12/24, 17:56:01.019, 11353449622510, vstest.console.dll, TestHostManagerCallbacks.StandardOutputReceivedCallback Test host standard output line: 
TpTrace Warning: 0 : 23700, 10, 2025/12/24, 17:56:01.019, 11353449622555, vstest.console.dll, TestHostManagerCallbacks.ErrorReceivedCallback Test host standard error line:     path: 'lib/netstandard2.0/Mono.TextTemplating.dll'
TpTrace Verbose: 0 : 23700, 4, 2025/12/24, 17:56:01.020, 11353449624010, vstest.console.dll, MulticastDelegateUtilities.SafeInvoke: InternalTestLoggerEvents.SendMessage: Invoking callback 1/2 for Microsoft.VisualStudio.TestPlatform.CommandLine.Internal.ConsoleLogger., took 0 ms.
TpTrace Verbose: 0 : 23700, 10, 2025/12/24, 17:56:01.020, 11353449623908, vstest.console.dll, MulticastDelegateUtilities.SafeInvoke: TestRunMessageLoggerProxy.SendMessage: Invoking callback 1/1 for Microsoft.VisualStudio.TestPlatform.Common.Logging.InternalTestLoggerEvents., took 0 ms.
TpTrace Verbose: 0 : 23700, 4, 2025/12/24, 17:56:01.020, 11353449625185, vstest.console.dll, MulticastDelegateUtilities.SafeInvoke: InternalTestLoggerEvents.SendMessage: Invoking callback 2/2 for Microsoft.VisualStudio.TestPlatform.CommandLine.Internal.MSBuildLogger., took 0 ms.
TpTrace Warning: 0 : 23700, 10, 2025/12/24, 17:56:01.020, 11353449625302, vstest.console.dll, TestHostManagerCallbacks.ErrorReceivedCallback Test host standard error line: 
TpTrace Verbose: 0 : 23700, 4, 2025/12/24, 17:56:01.020, 11353449625772, vstest.console.dll, MulticastDelegateUtilities.SafeInvoke: InternalTestLoggerEvents.SendMessage: Invoking callback 1/2 for Microsoft.VisualStudio.TestPlatform.CommandLine.Internal.ConsoleLogger., took 0 ms.
TpTrace Verbose: 0 : 23700, 4, 2025/12/24, 17:56:01.020, 11353449626297, vstest.console.dll, MulticastDelegateUtilities.SafeInvoke: InternalTestLoggerEvents.SendMessage: Invoking callback 2/2 for Microsoft.VisualStudio.TestPlatform.CommandLine.Internal.MSBuildLogger., took 0 ms.
TpTrace Verbose: 0 : 23700, 4, 2025/12/24, 17:56:01.020, 11353449626527, vstest.console.dll, MulticastDelegateUtilities.SafeInvoke: InternalTestLoggerEvents.SendMessage: Invoking callback 1/2 for Microsoft.VisualStudio.TestPlatform.CommandLine.Internal.ConsoleLogger., took 0 ms.
TpTrace Verbose: 0 : 23700, 4, 2025/12/24, 17:56:01.020, 11353449626867, vstest.console.dll, MulticastDelegateUtilities.SafeInvoke: InternalTestLoggerEvents.SendMessage: Invoking callback 2/2 for Microsoft.VisualStudio.TestPlatform.CommandLine.Internal.MSBuildLogger., took 0 ms.
TpTrace Verbose: 0 : 23700, 10, 2025/12/24, 17:56:01.023, 11353449657480, vstest.console.dll, TestHostProvider.ExitCallBack: Host exited starting callback.
TpTrace Error: 0 : 23700, 10, 2025/12/24, 17:56:01.023, 11353449659371, vstest.console.dll, TestHostManagerCallbacks.ExitCallBack: Testhost processId: 27692 exited with exitcode: -2147450740 error: 'Error:
  An assembly specified in the application dependencies manifest (ProductService.Tests.deps.json) was not found:
    package: 'Mono.TextTemplating', version: '2.2.1'
    path: 'lib/netstandard2.0/Mono.TextTemplating.dll'
'
TpTrace Verbose: 0 : 23700, 10, 2025/12/24, 17:56:01.023, 11353449660319, vstest.console.dll, DotnetTestHostManager.OnHostExited: invoking OnHostExited callback
TpTrace Verbose: 0 : 23700, 10, 2025/12/24, 17:56:01.023, 11353449663062, vstest.console.dll, CrossPlatEngine.TestHostManagerHostExited: calling on client process exit callback.
TpTrace Information: 0 : 23700, 10, 2025/12/24, 17:56:01.024, 11353449663915, vstest.console.dll, TestRequestSender.OnClientProcessExit: Test host process exited. Standard error: Error:
  An assembly specified in the application dependencies manifest (ProductService.Tests.deps.json) was not found:
    package: 'Mono.TextTemplating', version: '2.2.1'
    path: 'lib/netstandard2.0/Mono.TextTemplating.dll'

TpTrace Information: 0 : 23700, 10, 2025/12/24, 17:56:01.024, 11353449664389, vstest.console.dll, SocketServer.Stop: Stop server endPoint: 127.0.0.1:51393
TpTrace Information: 0 : 23700, 10, 2025/12/24, 17:56:01.024, 11353449664648, vstest.console.dll, SocketServer.Stop: Cancellation requested. Stopping message loop.
TpTrace Verbose: 0 : 23700, 5, 2025/12/24, 17:56:01.024, 11353449664617, vstest.console.dll, TestRequestSender.WaitForRequestHandlerConnection: waiting took 30 ms, with timeout 90000 ms, and result 2, which is failure.
TpTrace Verbose: 0 : 23700, 5, 2025/12/24, 17:56:01.024, 11353449665606, vstest.console.dll, Test host failed to start Test host launched:True test host exited: True
TpTrace Verbose: 0 : 23700, 10, 2025/12/24, 17:56:01.024, 11353449666909, vstest.console.dll, MulticastDelegateUtilities.SafeInvoke: HostProviderEvents.OnHostExited: Invoking callback 1/1 for Microsoft.VisualStudio.TestPlatform.CrossPlatEngine.Client.ProxyOperationManager., took 0 ms.
TpTrace Error: 0 : 23700, 5, 2025/12/24, 17:56:01.025, 11353449677503, vstest.console.dll, ProxyExecutionManager.StartTestRun: Failed to start test run: Microsoft.VisualStudio.TestPlatform.ObjectModel.TestPlatformException: Testhost process for source(s) 'C:\Users\Osama Al-Momani\OneDrive\Desktop\Galaxy-PP\Galaxy-Waves\src\ProductService.Tests\bin\Debug\net8.0\ProductService.Tests.dll' exited with error: Error:
  An assembly specified in the application dependencies manifest (ProductService.Tests.deps.json) was not found:
    package: 'Mono.TextTemplating', version: '2.2.1'
    path: 'lib/netstandard2.0/Mono.TextTemplating.dll'
. Please check the diagnostic logs for more information.
   at Microsoft.VisualStudio.TestPlatform.CrossPlatEngine.Client.ProxyOperationManager.ThrowOnTestHostExited(IEnumerable`1 sources, Boolean testHostExited) in /_/src/vstest/src/Microsoft.TestPlatform.CrossPlatEngine/Client/ProxyOperationManager.cs:line 524
   at Microsoft.VisualStudio.TestPlatform.CrossPlatEngine.Client.ProxyOperationManager.SetupChannel(IEnumerable`1 sources, String runSettings) in /_/src/vstest/src/Microsoft.TestPlatform.CrossPlatEngine/Client/ProxyOperationManager.cs:line 293
   at Microsoft.VisualStudio.TestPlatform.CrossPlatEngine.Client.ProxyExecutionManager.InitializeTestRun(TestRunCriteria testRunCriteria, IInternalTestRunEventsHandler eventHandler) in /_/src/vstest/src/Microsoft.TestPlatform.CrossPlatEngine/Client/ProxyExecutionManager.cs:line 184
TpTrace Verbose: 0 : 23700, 5, 2025/12/24, 17:56:01.068, 11353450103999, vstest.console.dll, TestRunRequest:SendTestRunMessage: Starting.
TpTrace Verbose: 0 : 23700, 5, 2025/12/24, 17:56:01.068, 11353450105453, vstest.console.dll, MulticastDelegateUtilities.SafeInvoke: TestRun.LogMessages: Invoking callback 1/1 for Microsoft.VisualStudio.TestPlatform.CommandLine.TestRunResultAggregator., took 0 ms.
TpTrace Information: 0 : 23700, 5, 2025/12/24, 17:56:01.068, 11353450105785, vstest.console.dll, TestRunRequest:SendTestRunMessage: Completed.
TpTrace Verbose: 0 : 23700, 4, 2025/12/24, 17:56:01.068, 11353450106316, vstest.console.dll, MulticastDelegateUtilities.SafeInvoke: InternalTestLoggerEvents.SendTestRunMessage: Invoking callback 1/2 for Microsoft.VisualStudio.TestPlatform.CommandLine.Internal.ConsoleLogger., took 0 ms.
TpTrace Verbose: 0 : 23700, 4, 2025/12/24, 17:56:01.068, 11353450107446, vstest.console.dll, MulticastDelegateUtilities.SafeInvoke: InternalTestLoggerEvents.SendTestRunMessage: Invoking callback 2/2 for Microsoft.VisualStudio.TestPlatform.CommandLine.Internal.MSBuildLogger., took 0 ms.
TpTrace Verbose: 0 : 23700, 5, 2025/12/24, 17:56:01.077, 11353450199499, vstest.console.dll, TestRequestSender.EndSession: Sending end session.
TpTrace Verbose: 0 : 23700, 5, 2025/12/24, 17:56:01.077, 11353450200395, vstest.console.dll, ProxyOperationManager.Close: waiting for test host to exit for 100 ms
TpTrace Information: 0 : 23700, 5, 2025/12/24, 17:56:01.077, 11353450200761, vstest.console.dll, SocketServer.Stop: Stop server endPoint: 127.0.0.1:51393
TpTrace Information: 0 : 23700, 5, 2025/12/24, 17:56:01.077, 11353450200961, vstest.console.dll, SocketServer.Stop: Cancellation requested. Stopping message loop.
TpTrace Information: 0 : 23700, 5, 2025/12/24, 17:56:01.077, 11353450201211, vstest.console.dll, Closing the connection
TpTrace Verbose: 0 : 23700, 5, 2025/12/24, 17:56:01.077, 11353450202647, vstest.console.dll, ParallelRunEventsHandler.HandleTestRunComplete: Handling a run completion, this can be either one part of parallel run completing, or the whole parallel run completing.
TpTrace Verbose: 0 : 23700, 5, 2025/12/24, 17:56:01.078, 11353450204397, vstest.console.dll, ParallelProxyExecutionManager: HandlePartialRunComplete: Total workloads = 1, Total started clients = 1 Total completed clients = 1, Run complete = True, Run canceled: False.
TpTrace Verbose: 0 : 23700, 5, 2025/12/24, 17:56:01.078, 11353450204617, vstest.console.dll, ParallelProxyExecutionManager: HandlePartialRunComplete: All runs completed stopping all managers.
TpTrace Verbose: 0 : 23700, 5, 2025/12/24, 17:56:01.078, 11353450204816, vstest.console.dll, ParallelOperationManager.StopAllManagers: Stopping all managers.
TpTrace Verbose: 0 : 23700, 5, 2025/12/24, 17:56:01.078, 11353450205015, vstest.console.dll, ParallelOperationManager.ClearSlots: Clearing all slots. Slots should accept more work: False
TpTrace Verbose: 0 : 23700, 5, 2025/12/24, 17:56:01.078, 11353450205246, vstest.console.dll, ParallelOperationManager.SetOccupiedSlotCount: Setting slot counts AvailableSlotCount = 1, OccupiedSlotCount = 0.
TpTrace Verbose: 0 : 23700, 5, 2025/12/24, 17:56:01.078, 11353450205438, vstest.console.dll, Occupied slots:

TpTrace Verbose: 0 : 23700, 5, 2025/12/24, 17:56:01.078, 11353450205574, vstest.console.dll, ParallelRunEventsHandler.HandleTestRunComplete: Whole parallel run completed.
TpTrace Verbose: 0 : 23700, 4, 2025/12/24, 17:56:01.103, 11353450462971, vstest.console.dll, MulticastDelegateUtilities.SafeInvoke: InternalTestLoggerEvents.SendTestRunComplete: Invoking callback 1/2 for Microsoft.VisualStudio.TestPlatform.CommandLine.Internal.ConsoleLogger., took 3 ms.
TpTrace Verbose: 0 : 23700, 4, 2025/12/24, 17:56:01.104, 11353450467897, vstest.console.dll, MulticastDelegateUtilities.SafeInvoke: InternalTestLoggerEvents.SendTestRunComplete: Invoking callback 2/2 for Microsoft.VisualStudio.TestPlatform.CommandLine.Internal.MSBuildLogger., took 0 ms.
TpTrace Verbose: 0 : 23700, 5, 2025/12/24, 17:56:01.105, 11353450475487, vstest.console.dll, TestRunRequest:TestRunComplete: Starting. IsAborted:True IsCanceled:False.
TpTrace Verbose: 0 : 23700, 5, 2025/12/24, 17:56:01.105, 11353450477752, vstest.console.dll, ParallelOperationManager.DoActionOnAllManagers: Calling an action on all managers.
TpTrace Verbose: 0 : 23700, 5, 2025/12/24, 17:56:01.106, 11353450488617, vstest.console.dll, TestLoggerManager.HandleTestRunComplete: Ignoring as the object is disposed.
TpTrace Verbose: 0 : 23700, 5, 2025/12/24, 17:56:01.106, 11353450489975, vstest.console.dll, MulticastDelegateUtilities.SafeInvoke: TestRun.TestRunComplete: Invoking callback 1/2 for Microsoft.VisualStudio.TestPlatform.CommandLine.TestRunResultAggregator., took 0 ms.
TpTrace Verbose: 0 : 23700, 5, 2025/12/24, 17:56:01.106, 11353450491526, vstest.console.dll, MulticastDelegateUtilities.SafeInvoke: TestRun.TestRunComplete: Invoking callback 2/2 for Microsoft.VisualStudio.TestPlatform.CommandLine.Processors.RunTestsArgumentExecutor+TestRunRequestEventsRegistrar., took 0 ms.
TpTrace Information: 0 : 23700, 5, 2025/12/24, 17:56:01.106, 11353450493115, vstest.console.dll, TestRunRequest:TestRunComplete: Completed.
TpTrace Verbose: 0 : 23700, 2, 2025/12/24, 17:56:01.107, 11353450493675, vstest.console.dll, TestRunRequest.Dispose: Starting.
TpTrace Verbose: 0 : 23700, 5, 2025/12/24, 17:56:01.107, 11353450493927, vstest.console.dll, ParallelProxyExecutionManager.StartTestRunOnConcurrentManager: Execution starting. Started clients: 1
TpTrace Information: 0 : 23700, 2, 2025/12/24, 17:56:01.107, 11353450495358, vstest.console.dll, TestRunRequest.Dispose: Completed.
TpTrace Information: 0 : 23700, 2, 2025/12/24, 17:56:01.107, 11353450497150, vstest.console.dll, TestRequestManager.RunTests: run tests completed.
TpTrace Verbose: 0 : 23700, 5, 2025/12/24, 17:56:01.107, 11353450497320, vstest.console.dll, ProxyExecutionManager: Test host is always Lazy initialize.
TpTrace Verbose: 0 : 23700, 5, 2025/12/24, 17:56:01.107, 11353450498935, vstest.console.dll, TestRequestSender.InitializeCommunication: initialize communication. 
TpTrace Information: 0 : 23700, 2, 2025/12/24, 17:56:01.107, 11353450499384, vstest.console.dll, RunTestsArgumentProcessor:Execute: Test run is completed.
TpTrace Information: 0 : 23700, 5, 2025/12/24, 17:56:01.107, 11353450502588, vstest.console.dll, SocketServer.Start: Listening on endpoint : 127.0.0.1:51394
TpTrace Verbose: 0 : 23700, 2, 2025/12/24, 17:56:01.107, 11353450503221, vstest.console.dll, Executor.Execute: Exiting with exit code of 1
TpTrace Verbose: 0 : 23700, 5, 2025/12/24, 17:56:01.108, 11353450508837, vstest.console.dll, DotnetTestHostmanager.GetTestHostProcessStartInfo: Platform environment 'X64' target architecture 'X64' framework '.NETCoreApp,Version=v8.0' OS 'Windows'
TpTrace Verbose: 0 : 23700, 5, 2025/12/24, 17:56:01.108, 11353450510228, vstest.console.dll, DotnetTestHostmanager.LaunchTestHostAsync: VSTEST_DOTNET_ROOT_PATH=C:\Program Files\dotnet
TpTrace Verbose: 0 : 23700, 5, 2025/12/24, 17:56:01.108, 11353450511061, vstest.console.dll, DotnetTestHostmanager.LaunchTestHostAsync: VSTEST_DOTNET_ROOT_ARCHITECTURE=X64
TpTrace Verbose: 0 : 23700, 5, 2025/12/24, 17:56:01.108, 11353450513145, vstest.console.dll, DotnetTestHostManager.SetDotnetRootForArchitecture: Adding DOTNET_ROOT_X64=C:\Program Files\dotnet to testhost start info.
